{"/Users/maxcm/Desktop/React/Sofia Torres/src/component/button/Button.tsx": {"path":"/Users/maxcm/Desktop/React/Sofia Torres/src/component/button/Button.tsx","statementMap":{"0":{"start":{"line":11,"column":32},"end":{"line":22,"column":1}},"1":{"start":{"line":12,"column":2},"end":{"line":21,"column":4}},"2":{"start":{"line":24,"column":0},"end":{"line":24,"column":22}}},"fnMap":{"0":{"name":"(anonymous_0)","decl":{"start":{"line":11,"column":32},"end":{"line":11,"column":33}},"loc":{"start":{"line":11,"column":95},"end":{"line":22,"column":1}}}},"branchMap":{"0":{"loc":{"start":{"line":18,"column":7},"end":{"line":18,"column":54}},"type":"binary-expr","locations":[{"start":{"line":18,"column":7},"end":{"line":18,"column":12}},{"start":{"line":18,"column":16},"end":{"line":18,"column":54}}]},"1":{"loc":{"start":{"line":19,"column":7},"end":{"line":19,"column":59}},"type":"binary-expr","locations":[{"start":{"line":19,"column":7},"end":{"line":19,"column":11}},{"start":{"line":19,"column":15},"end":{"line":19,"column":59}}]}},"s":{"0":4,"1":17,"2":4},"f":{"0":17},"b":{"0":[17,16],"1":[17,15]}}
,"/Users/maxcm/Desktop/React/Sofia Torres/src/component/card/Card.tsx": {"path":"/Users/maxcm/Desktop/React/Sofia Torres/src/component/card/Card.tsx","statementMap":{"0":{"start":{"line":2,"column":0},"end":{"line":2,"column":48}},"1":{"start":{"line":3,"column":0},"end":{"line":3,"column":38}},"2":{"start":{"line":4,"column":0},"end":{"line":4,"column":54}},"3":{"start":{"line":5,"column":0},"end":{"line":5,"column":50}},"4":{"start":{"line":6,"column":0},"end":{"line":6,"column":20}},"5":{"start":{"line":19,"column":28},"end":{"line":42,"column":1}},"6":{"start":{"line":20,"column":4},"end":{"line":41,"column":6}},"7":{"start":{"line":44,"column":0},"end":{"line":44,"column":20}}},"fnMap":{"0":{"name":"(anonymous_1)","decl":{"start":{"line":19,"column":28},"end":{"line":19,"column":29}},"loc":{"start":{"line":19,"column":130},"end":{"line":42,"column":1}}}},"branchMap":{},"s":{"0":3,"1":3,"2":3,"3":3,"4":3,"5":3,"6":14,"7":3},"f":{"0":14},"b":{}}
,"/Users/maxcm/Desktop/React/Sofia Torres/src/component/cartIcon/CartIcon.tsx": {"path":"/Users/maxcm/Desktop/React/Sofia Torres/src/component/cartIcon/CartIcon.tsx","statementMap":{"0":{"start":{"line":1,"column":0},"end":{"line":1,"column":48}},"1":{"start":{"line":2,"column":0},"end":{"line":2,"column":57}},"2":{"start":{"line":3,"column":0},"end":{"line":3,"column":40}},"3":{"start":{"line":4,"column":0},"end":{"line":4,"column":24}},"4":{"start":{"line":5,"column":0},"end":{"line":5,"column":60}},"5":{"start":{"line":9,"column":17},"end":{"line":23,"column":1}},"6":{"start":{"line":10,"column":44},"end":{"line":10,"column":58}},"7":{"start":{"line":11,"column":24},"end":{"line":11,"column":79}},"8":{"start":{"line":11,"column":54},"end":{"line":11,"column":75}},"9":{"start":{"line":13,"column":2},"end":{"line":22,"column":4}},"10":{"start":{"line":25,"column":0},"end":{"line":25,"column":24}}},"fnMap":{"0":{"name":"(anonymous_0)","decl":{"start":{"line":9,"column":17},"end":{"line":9,"column":20}},"loc":{"start":{"line":9,"column":22},"end":{"line":23,"column":1}}},"1":{"name":"(anonymous_1)","decl":{"start":{"line":11,"column":37},"end":{"line":11,"column":38}},"loc":{"start":{"line":11,"column":54},"end":{"line":11,"column":75}}}},"branchMap":{"0":{"loc":{"start":{"line":18,"column":11},"end":{"line":18,"column":48}},"type":"cond-expr","locations":[{"start":{"line":18,"column":31},"end":{"line":18,"column":44}},{"start":{"line":18,"column":47},"end":{"line":18,"column":48}}]}},"s":{"0":2,"1":2,"2":2,"3":2,"4":2,"5":2,"6":6,"7":6,"8":4,"9":6,"10":2},"f":{"0":6,"1":4},"b":{"0":[2,4]}}
,"/Users/maxcm/Desktop/React/Sofia Torres/src/component/common/DetailsProduct.tsx": {"path":"/Users/maxcm/Desktop/React/Sofia Torres/src/component/common/DetailsProduct.tsx","statementMap":{"0":{"start":{"line":2,"column":0},"end":{"line":2,"column":29}},"1":{"start":{"line":12,"column":48},"end":{"line":21,"column":1}},"2":{"start":{"line":13,"column":2},"end":{"line":20,"column":4}},"3":{"start":{"line":23,"column":0},"end":{"line":23,"column":30}}},"fnMap":{"0":{"name":"(anonymous_0)","decl":{"start":{"line":12,"column":48},"end":{"line":12,"column":49}},"loc":{"start":{"line":12,"column":99},"end":{"line":21,"column":1}}}},"branchMap":{"0":{"loc":{"start":{"line":15,"column":7},"end":{"line":15,"column":64}},"type":"binary-expr","locations":[{"start":{"line":15,"column":7},"end":{"line":15,"column":15}},{"start":{"line":15,"column":19},"end":{"line":15,"column":64}}]},"1":{"loc":{"start":{"line":18,"column":7},"end":{"line":18,"column":79}},"type":"binary-expr","locations":[{"start":{"line":18,"column":7},"end":{"line":18,"column":15}},{"start":{"line":18,"column":19},"end":{"line":18,"column":79}}]}},"s":{"0":4,"1":4,"2":15,"3":4},"f":{"0":15},"b":{"0":[15,15],"1":[15,15]}}
,"/Users/maxcm/Desktop/React/Sofia Torres/src/component/common/ImageProduct.tsx": {"path":"/Users/maxcm/Desktop/React/Sofia Torres/src/component/common/ImageProduct.tsx","statementMap":{"0":{"start":{"line":2,"column":0},"end":{"line":2,"column":28}},"1":{"start":{"line":10,"column":44},"end":{"line":15,"column":1}},"2":{"start":{"line":11,"column":2},"end":{"line":14,"column":29}},"3":{"start":{"line":17,"column":0},"end":{"line":17,"column":28}}},"fnMap":{"0":{"name":"(anonymous_0)","decl":{"start":{"line":10,"column":44},"end":{"line":10,"column":45}},"loc":{"start":{"line":10,"column":72},"end":{"line":15,"column":1}}}},"branchMap":{},"s":{"0":4,"1":4,"2":15,"3":4},"f":{"0":15},"b":{}}
,"/Users/maxcm/Desktop/React/Sofia Torres/src/component/footer/Footer.tsx": {"path":"/Users/maxcm/Desktop/React/Sofia Torres/src/component/footer/Footer.tsx","statementMap":{"0":{"start":{"line":1,"column":0},"end":{"line":1,"column":78}},"1":{"start":{"line":2,"column":0},"end":{"line":2,"column":22}},"2":{"start":{"line":4,"column":15},"end":{"line":19,"column":1}},"3":{"start":{"line":5,"column":4},"end":{"line":18,"column":6}},"4":{"start":{"line":21,"column":0},"end":{"line":21,"column":22}}},"fnMap":{"0":{"name":"(anonymous_0)","decl":{"start":{"line":4,"column":15},"end":{"line":4,"column":18}},"loc":{"start":{"line":4,"column":20},"end":{"line":19,"column":1}}}},"branchMap":{},"s":{"0":1,"1":1,"2":1,"3":3,"4":1},"f":{"0":3},"b":{}}
,"/Users/maxcm/Desktop/React/Sofia Torres/src/component/input/InputComponent.tsx": {"path":"/Users/maxcm/Desktop/React/Sofia Torres/src/component/input/InputComponent.tsx","statementMap":{"0":{"start":{"line":2,"column":0},"end":{"line":2,"column":20}},"1":{"start":{"line":12,"column":39},"end":{"line":25,"column":1}},"2":{"start":{"line":13,"column":2},"end":{"line":24,"column":4}},"3":{"start":{"line":27,"column":0},"end":{"line":27,"column":30}}},"fnMap":{"0":{"name":"(anonymous_0)","decl":{"start":{"line":12,"column":39},"end":{"line":12,"column":40}},"loc":{"start":{"line":12,"column":93},"end":{"line":25,"column":1}}}},"branchMap":{"0":{"loc":{"start":{"line":22,"column":9},"end":{"line":22,"column":93}},"type":"binary-expr","locations":[{"start":{"line":22,"column":9},"end":{"line":22,"column":13}},{"start":{"line":22,"column":17},"end":{"line":22,"column":93}}]}},"s":{"0":3,"1":3,"2":9,"3":3},"f":{"0":9},"b":{"0":[9,8]}}
,"/Users/maxcm/Desktop/React/Sofia Torres/src/component/mainLayout/MainLayout.tsx": {"path":"/Users/maxcm/Desktop/React/Sofia Torres/src/component/mainLayout/MainLayout.tsx","statementMap":{"0":{"start":{"line":1,"column":0},"end":{"line":1,"column":40}},"1":{"start":{"line":2,"column":0},"end":{"line":2,"column":38}},"2":{"start":{"line":3,"column":0},"end":{"line":3,"column":32}},"3":{"start":{"line":4,"column":0},"end":{"line":4,"column":26}},"4":{"start":{"line":6,"column":19},"end":{"line":23,"column":1}},"5":{"start":{"line":7,"column":4},"end":{"line":7,"column":39}},"6":{"start":{"line":8,"column":4},"end":{"line":22,"column":6}},"7":{"start":{"line":25,"column":0},"end":{"line":25,"column":26}}},"fnMap":{"0":{"name":"(anonymous_1)","decl":{"start":{"line":6,"column":19},"end":{"line":6,"column":22}},"loc":{"start":{"line":6,"column":24},"end":{"line":23,"column":1}}}},"branchMap":{},"s":{"0":1,"1":1,"2":1,"3":1,"4":1,"5":3,"6":3,"7":1},"f":{"0":3},"b":{}}
,"/Users/maxcm/Desktop/React/Sofia Torres/src/component/navbar/Nav.tsx": {"path":"/Users/maxcm/Desktop/React/Sofia Torres/src/component/navbar/Nav.tsx","statementMap":{"0":{"start":{"line":1,"column":0},"end":{"line":1,"column":40}},"1":{"start":{"line":2,"column":0},"end":{"line":2,"column":44}},"2":{"start":{"line":3,"column":0},"end":{"line":3,"column":19}},"3":{"start":{"line":5,"column":12},"end":{"line":25,"column":1}},"4":{"start":{"line":7,"column":4},"end":{"line":24,"column":6}},"5":{"start":{"line":26,"column":0},"end":{"line":26,"column":19}}},"fnMap":{"0":{"name":"(anonymous_1)","decl":{"start":{"line":5,"column":12},"end":{"line":5,"column":15}},"loc":{"start":{"line":5,"column":17},"end":{"line":25,"column":1}}}},"branchMap":{},"s":{"0":1,"1":1,"2":1,"3":1,"4":3,"5":1},"f":{"0":3},"b":{}}
,"/Users/maxcm/Desktop/React/Sofia Torres/src/component/select/Select.tsx": {"path":"/Users/maxcm/Desktop/React/Sofia Torres/src/component/select/Select.tsx","statementMap":{"0":{"start":{"line":2,"column":0},"end":{"line":2,"column":21}},"1":{"start":{"line":13,"column":32},"end":{"line":28,"column":1}},"2":{"start":{"line":14,"column":23},"end":{"line":16,"column":3}},"3":{"start":{"line":15,"column":4},"end":{"line":15,"column":33}},"4":{"start":{"line":18,"column":2},"end":{"line":27,"column":4}},"5":{"start":{"line":22,"column":8},"end":{"line":22,"column":28}},"6":{"start":{"line":30,"column":0},"end":{"line":30,"column":22}}},"fnMap":{"0":{"name":"(anonymous_0)","decl":{"start":{"line":13,"column":32},"end":{"line":13,"column":33}},"loc":{"start":{"line":13,"column":78},"end":{"line":28,"column":1}}},"1":{"name":"(anonymous_1)","decl":{"start":{"line":14,"column":23},"end":{"line":14,"column":24}},"loc":{"start":{"line":14,"column":71},"end":{"line":16,"column":3}}},"2":{"name":"(anonymous_2)","decl":{"start":{"line":21,"column":19},"end":{"line":21,"column":20}},"loc":{"start":{"line":22,"column":8},"end":{"line":22,"column":28}}}},"branchMap":{"0":{"loc":{"start":{"line":19,"column":47},"end":{"line":19,"column":58}},"type":"binary-expr","locations":[{"start":{"line":19,"column":47},"end":{"line":19,"column":52}},{"start":{"line":19,"column":56},"end":{"line":19,"column":58}}]},"1":{"loc":{"start":{"line":20,"column":7},"end":{"line":20,"column":70}},"type":"binary-expr","locations":[{"start":{"line":20,"column":7},"end":{"line":20,"column":18}},{"start":{"line":20,"column":22},"end":{"line":20,"column":70}}]}},"s":{"0":3,"1":3,"2":12,"3":2,"4":12,"5":30,"6":3},"f":{"0":12,"1":2,"2":30},"b":{"0":[12,1],"1":[12,2]}}
,"/Users/maxcm/Desktop/React/Sofia Torres/src/context/AppContext.tsx": {"path":"/Users/maxcm/Desktop/React/Sofia Torres/src/context/AppContext.tsx","statementMap":{"0":{"start":{"line":1,"column":0},"end":{"line":1,"column":85}},"1":{"start":{"line":2,"column":0},"end":{"line":2,"column":67}},"2":{"start":{"line":4,"column":0},"end":{"line":4,"column":51}},"3":{"start":{"line":6,"column":24},"end":{"line":6,"column":70}},"4":{"start":{"line":7,"column":27},"end":{"line":7,"column":76}},"5":{"start":{"line":9,"column":49},"end":{"line":19,"column":1}},"6":{"start":{"line":10,"column":30},"end":{"line":10,"column":66}},"7":{"start":{"line":12,"column":4},"end":{"line":18,"column":6}},"8":{"start":{"line":41,"column":9},"end":{"line":41,"column":26}},"9":{"start":{"line":22,"column":26},"end":{"line":29,"column":1}},"10":{"start":{"line":23,"column":20},"end":{"line":23,"column":47}},"11":{"start":{"line":25,"column":4},"end":{"line":27,"column":5}},"12":{"start":{"line":26,"column":8},"end":{"line":26,"column":83}},"13":{"start":{"line":28,"column":4},"end":{"line":28,"column":19}},"14":{"start":{"line":41,"column":28},"end":{"line":41,"column":45}},"15":{"start":{"line":32,"column":29},"end":{"line":39,"column":1}},"16":{"start":{"line":33,"column":20},"end":{"line":33,"column":50}},"17":{"start":{"line":35,"column":4},"end":{"line":37,"column":5}},"18":{"start":{"line":36,"column":8},"end":{"line":36,"column":89}},"19":{"start":{"line":38,"column":4},"end":{"line":38,"column":19}},"20":{"start":{"line":41,"column":47},"end":{"line":41,"column":67}}},"fnMap":{"0":{"name":"(anonymous_0)","decl":{"start":{"line":9,"column":49},"end":{"line":9,"column":50}},"loc":{"start":{"line":9,"column":66},"end":{"line":19,"column":1}}},"1":{"name":"(anonymous_1)","decl":{"start":{"line":22,"column":26},"end":{"line":22,"column":39}},"loc":{"start":{"line":22,"column":41},"end":{"line":29,"column":1}}},"2":{"name":"(anonymous_2)","decl":{"start":{"line":32,"column":29},"end":{"line":32,"column":45}},"loc":{"start":{"line":32,"column":47},"end":{"line":39,"column":1}}}},"branchMap":{"0":{"loc":{"start":{"line":25,"column":4},"end":{"line":27,"column":5}},"type":"if","locations":[{"start":{"line":25,"column":4},"end":{"line":27,"column":5}}]},"1":{"loc":{"start":{"line":35,"column":4},"end":{"line":37,"column":5}},"type":"if","locations":[{"start":{"line":35,"column":4},"end":{"line":37,"column":5}}]}},"s":{"0":2,"1":2,"2":2,"3":2,"4":2,"5":2,"6":5,"7":5,"8":2,"9":2,"10":3,"11":3,"12":0,"13":3,"14":2,"15":2,"16":1,"17":1,"18":0,"19":1,"20":2},"f":{"0":5,"1":3,"2":1},"b":{"0":[0],"1":[0]}}
,"/Users/maxcm/Desktop/React/Sofia Torres/src/context/CartContext.tsx": {"path":"/Users/maxcm/Desktop/React/Sofia Torres/src/context/CartContext.tsx","statementMap":{"0":{"start":{"line":1,"column":0},"end":{"line":1,"column":85}},"1":{"start":{"line":2,"column":0},"end":{"line":2,"column":71}},"2":{"start":{"line":4,"column":0},"end":{"line":4,"column":60}},"3":{"start":{"line":6,"column":25},"end":{"line":6,"column":62}},"4":{"start":{"line":7,"column":28},"end":{"line":7,"column":82}},"5":{"start":{"line":9,"column":28},"end":{"line":15,"column":1}},"6":{"start":{"line":10,"column":18},"end":{"line":10,"column":46}},"7":{"start":{"line":11,"column":2},"end":{"line":13,"column":3}},"8":{"start":{"line":12,"column":4},"end":{"line":12,"column":74}},"9":{"start":{"line":14,"column":2},"end":{"line":14,"column":17}},"10":{"start":{"line":9,"column":13},"end":{"line":9,"column":28}},"11":{"start":{"line":17,"column":31},"end":{"line":23,"column":1}},"12":{"start":{"line":18,"column":18},"end":{"line":18,"column":49}},"13":{"start":{"line":19,"column":2},"end":{"line":21,"column":3}},"14":{"start":{"line":20,"column":4},"end":{"line":20,"column":77}},"15":{"start":{"line":22,"column":2},"end":{"line":22,"column":17}},"16":{"start":{"line":17,"column":13},"end":{"line":17,"column":31}},"17":{"start":{"line":25,"column":51},"end":{"line":40,"column":1}},"18":{"start":{"line":27,"column":31},"end":{"line":27,"column":69}},"19":{"start":{"line":29,"column":28},"end":{"line":31,"column":4}},"20":{"start":{"line":33,"column":2},"end":{"line":39,"column":4}},"21":{"start":{"line":25,"column":13},"end":{"line":25,"column":51}}},"fnMap":{"0":{"name":"(anonymous_1)","decl":{"start":{"line":9,"column":28},"end":{"line":9,"column":31}},"loc":{"start":{"line":9,"column":33},"end":{"line":15,"column":1}}},"1":{"name":"(anonymous_2)","decl":{"start":{"line":17,"column":31},"end":{"line":17,"column":34}},"loc":{"start":{"line":17,"column":36},"end":{"line":23,"column":1}}},"2":{"name":"(anonymous_3)","decl":{"start":{"line":25,"column":51},"end":{"line":25,"column":52}},"loc":{"start":{"line":25,"column":68},"end":{"line":40,"column":1}}}},"branchMap":{"0":{"loc":{"start":{"line":11,"column":2},"end":{"line":13,"column":3}},"type":"if","locations":[{"start":{"line":11,"column":2},"end":{"line":13,"column":3}}]},"1":{"loc":{"start":{"line":19,"column":2},"end":{"line":21,"column":3}},"type":"if","locations":[{"start":{"line":19,"column":2},"end":{"line":21,"column":3}}]}},"s":{"0":2,"1":2,"2":2,"3":2,"4":2,"5":2,"6":4,"7":4,"8":0,"9":4,"10":2,"11":2,"12":3,"13":3,"14":0,"15":3,"16":2,"17":2,"18":6,"19":6,"20":6,"21":2},"f":{"0":4,"1":3,"2":6},"b":{"0":[0],"1":[0]}}
,"/Users/maxcm/Desktop/React/Sofia Torres/src/domain/appState.domain.ts": {"path":"/Users/maxcm/Desktop/React/Sofia Torres/src/domain/appState.domain.ts","statementMap":{"0":{"start":{"line":15,"column":13},"end":{"line":18,"column":2}}},"fnMap":{},"branchMap":{},"s":{"0":2},"f":{},"b":{}}
,"/Users/maxcm/Desktop/React/Sofia Torres/src/domain/cart.domain.ts": {"path":"/Users/maxcm/Desktop/React/Sofia Torres/src/domain/cart.domain.ts","statementMap":{"0":{"start":{"line":10,"column":0},"end":{"line":10,"column":null}},"1":{"start":{"line":11,"column":2},"end":{"line":11,"column":null}},"2":{"start":{"line":12,"column":2},"end":{"line":12,"column":null}},"3":{"start":{"line":13,"column":2},"end":{"line":13,"column":null}}},"fnMap":{"0":{"name":"(anonymous_0)","decl":{"start":{"line":10,"column":0},"end":{"line":10,"column":12}},"loc":{"start":{"line":10,"column":23},"end":{"line":14,"column":1}}}},"branchMap":{"0":{"loc":{"start":{"line":10,"column":12},"end":{"line":10,"column":null}},"type":"binary-expr","locations":[{"start":{"line":10,"column":12},"end":{"line":10,"column":23}},{"start":{"line":10,"column":23},"end":{"line":10,"column":null}}]}},"s":{"0":4,"1":4,"2":4,"3":4},"f":{"0":4},"b":{"0":[4,4]}}
,"/Users/maxcm/Desktop/React/Sofia Torres/src/pages/productsView/Products.tsx": {"path":"/Users/maxcm/Desktop/React/Sofia Torres/src/pages/productsView/Products.tsx","statementMap":{"0":{"start":{"line":1,"column":0},"end":{"line":1,"column":61}},"1":{"start":{"line":2,"column":0},"end":{"line":2,"column":60}},"2":{"start":{"line":3,"column":0},"end":{"line":3,"column":65}},"3":{"start":{"line":4,"column":0},"end":{"line":4,"column":67}},"4":{"start":{"line":5,"column":0},"end":{"line":5,"column":37}},"5":{"start":{"line":6,"column":0},"end":{"line":6,"column":45}},"6":{"start":{"line":7,"column":0},"end":{"line":7,"column":55}},"7":{"start":{"line":8,"column":0},"end":{"line":8,"column":56}},"8":{"start":{"line":9,"column":0},"end":{"line":9,"column":66}},"9":{"start":{"line":10,"column":0},"end":{"line":10,"column":51}},"10":{"start":{"line":11,"column":0},"end":{"line":11,"column":45}},"11":{"start":{"line":12,"column":0},"end":{"line":12,"column":24}},"12":{"start":{"line":14,"column":21},"end":{"line":80,"column":1}},"13":{"start":{"line":15,"column":35},"end":{"line":15,"column":54}},"14":{"start":{"line":16,"column":19},"end":{"line":16,"column":36}},"15":{"start":{"line":18,"column":38},"end":{"line":18,"column":58}},"16":{"start":{"line":19,"column":50},"end":{"line":19,"column":81}},"17":{"start":{"line":21,"column":26},"end":{"line":36,"column":3}},"18":{"start":{"line":22,"column":20},"end":{"line":22,"column":60}},"19":{"start":{"line":22,"column":41},"end":{"line":22,"column":59}},"20":{"start":{"line":23,"column":4},"end":{"line":23,"column":25}},"21":{"start":{"line":23,"column":18},"end":{"line":23,"column":25}},"22":{"start":{"line":25,"column":4},"end":{"line":35,"column":7}},"23":{"start":{"line":38,"column":26},"end":{"line":38,"column":64}},"24":{"start":{"line":39,"column":27},"end":{"line":39,"column":81}},"25":{"start":{"line":41,"column":29},"end":{"line":43,"column":3}},"26":{"start":{"line":42,"column":4},"end":{"line":42,"column":34}},"27":{"start":{"line":45,"column":2},"end":{"line":79,"column":4}},"28":{"start":{"line":65,"column":10},"end":{"line":66,"column":null}},"29":{"start":{"line":72,"column":31},"end":{"line":72,"column":58}},"30":{"start":{"line":82,"column":0},"end":{"line":82,"column":24}}},"fnMap":{"0":{"name":"(anonymous_1)","decl":{"start":{"line":14,"column":21},"end":{"line":14,"column":24}},"loc":{"start":{"line":14,"column":26},"end":{"line":80,"column":1}}},"1":{"name":"(anonymous_2)","decl":{"start":{"line":21,"column":26},"end":{"line":21,"column":27}},"loc":{"start":{"line":21,"column":48},"end":{"line":36,"column":3}}},"2":{"name":"(anonymous_3)","decl":{"start":{"line":22,"column":34},"end":{"line":22,"column":35}},"loc":{"start":{"line":22,"column":41},"end":{"line":22,"column":59}}},"3":{"name":"(anonymous_4)","decl":{"start":{"line":41,"column":29},"end":{"line":41,"column":30}},"loc":{"start":{"line":41,"column":72},"end":{"line":43,"column":3}}},"4":{"name":"(anonymous_5)","decl":{"start":{"line":64,"column":30},"end":{"line":64,"column":31}},"loc":{"start":{"line":65,"column":10},"end":{"line":66,"column":null}}},"5":{"name":"(anonymous_6)","decl":{"start":{"line":72,"column":25},"end":{"line":72,"column":28}},"loc":{"start":{"line":72,"column":31},"end":{"line":72,"column":58}}}},"branchMap":{"0":{"loc":{"start":{"line":23,"column":4},"end":{"line":23,"column":25}},"type":"if","locations":[{"start":{"line":23,"column":4},"end":{"line":23,"column":25}}]}},"s":{"0":2,"1":2,"2":2,"3":2,"4":2,"5":2,"6":2,"7":2,"8":2,"9":2,"10":2,"11":2,"12":2,"13":7,"14":7,"15":7,"16":7,"17":7,"18":1,"19":1,"20":1,"21":0,"22":1,"23":7,"24":7,"25":7,"26":0,"27":7,"28":11,"29":1,"30":2},"f":{"0":7,"1":1,"2":1,"3":0,"4":11,"5":1},"b":{"0":[0]}}
,"/Users/maxcm/Desktop/React/Sofia Torres/src/reducer/appReducer.ts": {"path":"/Users/maxcm/Desktop/React/Sofia Torres/src/reducer/appReducer.ts","statementMap":{"0":{"start":{"line":1,"column":0},"end":{"line":1,"column":46}},"1":{"start":{"line":5,"column":26},"end":{"line":20,"column":1}},"2":{"start":{"line":6,"column":4},"end":{"line":19,"column":5}},"3":{"start":{"line":8,"column":12},"end":{"line":11,"column":14}},"4":{"start":{"line":13,"column":12},"end":{"line":16,"column":14}},"5":{"start":{"line":18,"column":12},"end":{"line":18,"column":56}},"6":{"start":{"line":5,"column":13},"end":{"line":5,"column":26}}},"fnMap":{"0":{"name":"(anonymous_0)","decl":{"start":{"line":5,"column":26},"end":{"line":5,"column":27}},"loc":{"start":{"line":5,"column":91},"end":{"line":20,"column":1}}}},"branchMap":{"0":{"loc":{"start":{"line":6,"column":4},"end":{"line":19,"column":5}},"type":"switch","locations":[{"start":{"line":7,"column":8},"end":{"line":11,"column":14}},{"start":{"line":12,"column":8},"end":{"line":16,"column":14}},{"start":{"line":17,"column":8},"end":{"line":18,"column":56}}]}},"s":{"0":3,"1":3,"2":4,"3":2,"4":1,"5":1,"6":3},"f":{"0":4},"b":{"0":[2,1,1]}}
,"/Users/maxcm/Desktop/React/Sofia Torres/src/reducer/cartReducer.ts": {"path":"/Users/maxcm/Desktop/React/Sofia Torres/src/reducer/cartReducer.ts","statementMap":{"0":{"start":{"line":1,"column":0},"end":{"line":1,"column":75}},"1":{"start":{"line":3,"column":13},"end":{"line":5,"column":2}},"2":{"start":{"line":7,"column":27},"end":{"line":31,"column":1}},"3":{"start":{"line":8,"column":2},"end":{"line":30,"column":3}},"4":{"start":{"line":10,"column":6},"end":{"line":13,"column":8}},"5":{"start":{"line":15,"column":6},"end":{"line":18,"column":8}},"6":{"start":{"line":17,"column":42},"end":{"line":17,"column":85}},"7":{"start":{"line":20,"column":6},"end":{"line":27,"column":8}},"8":{"start":{"line":23,"column":10},"end":{"line":25,"column":18}},"9":{"start":{"line":29,"column":6},"end":{"line":29,"column":19}},"10":{"start":{"line":7,"column":13},"end":{"line":7,"column":27}}},"fnMap":{"0":{"name":"(anonymous_0)","decl":{"start":{"line":7,"column":27},"end":{"line":7,"column":28}},"loc":{"start":{"line":7,"column":79},"end":{"line":31,"column":1}}},"1":{"name":"(anonymous_1)","decl":{"start":{"line":17,"column":34},"end":{"line":17,"column":38}},"loc":{"start":{"line":17,"column":42},"end":{"line":17,"column":85}}},"2":{"name":"(anonymous_2)","decl":{"start":{"line":22,"column":31},"end":{"line":22,"column":35}},"loc":{"start":{"line":23,"column":10},"end":{"line":25,"column":18}}}},"branchMap":{"0":{"loc":{"start":{"line":8,"column":2},"end":{"line":30,"column":3}},"type":"switch","locations":[{"start":{"line":9,"column":4},"end":{"line":13,"column":8}},{"start":{"line":14,"column":4},"end":{"line":18,"column":8}},{"start":{"line":19,"column":4},"end":{"line":27,"column":8}},{"start":{"line":28,"column":4},"end":{"line":29,"column":19}}]},"1":{"loc":{"start":{"line":23,"column":10},"end":{"line":25,"column":18}},"type":"cond-expr","locations":[{"start":{"line":24,"column":14},"end":{"line":24,"column":60}},{"start":{"line":25,"column":14},"end":{"line":25,"column":18}}]}},"s":{"0":3,"1":3,"2":3,"3":4,"4":1,"5":1,"6":2,"7":1,"8":2,"9":1,"10":3},"f":{"0":4,"1":2,"2":2},"b":{"0":[1,1,1,1],"1":[1,1]}}
,"/Users/maxcm/Desktop/React/Sofia Torres/src/services/api/api.config.ts": {"path":"/Users/maxcm/Desktop/React/Sofia Torres/src/services/api/api.config.ts","statementMap":{"0":{"start":{"line":1,"column":13},"end":{"line":4,"column":2}}},"fnMap":{},"branchMap":{},"s":{"0":1},"f":{},"b":{}}
,"/Users/maxcm/Desktop/React/Sofia Torres/src/services/api/product.service.ts": {"path":"/Users/maxcm/Desktop/React/Sofia Torres/src/services/api/product.service.ts","statementMap":{"0":{"start":{"line":3,"column":0},"end":{"line":3,"column":7}},"1":{"start":{"line":17,"column":0},"end":{"line":17,"column":7}},"2":{"start":{"line":1,"column":0},"end":{"line":1,"column":45}},"3":{"start":{"line":4,"column":4},"end":{"line":14,"column":5}},"4":{"start":{"line":5,"column":25},"end":{"line":5,"column":60}},"5":{"start":{"line":6,"column":8},"end":{"line":8,"column":9}},"6":{"start":{"line":7,"column":12},"end":{"line":7,"column":68}},"7":{"start":{"line":9,"column":21},"end":{"line":9,"column":42}},"8":{"start":{"line":10,"column":8},"end":{"line":10,"column":29}},"9":{"start":{"line":13,"column":8},"end":{"line":13,"column":60}},"10":{"start":{"line":18,"column":4},"end":{"line":29,"column":5}},"11":{"start":{"line":19,"column":25},"end":{"line":19,"column":62}},"12":{"start":{"line":20,"column":8},"end":{"line":22,"column":9}},"13":{"start":{"line":21,"column":12},"end":{"line":21,"column":68}},"14":{"start":{"line":23,"column":21},"end":{"line":23,"column":42}},"15":{"start":{"line":24,"column":8},"end":{"line":24,"column":20}},"16":{"start":{"line":27,"column":8},"end":{"line":27,"column":65}}},"fnMap":{"0":{"name":"fetchProducts","decl":{"start":{"line":3,"column":22},"end":{"line":3,"column":35}},"loc":{"start":{"line":3,"column":35},"end":{"line":15,"column":1}}},"1":{"name":"fetchCategories","decl":{"start":{"line":17,"column":22},"end":{"line":17,"column":37}},"loc":{"start":{"line":17,"column":37},"end":{"line":30,"column":1}}}},"branchMap":{"0":{"loc":{"start":{"line":6,"column":8},"end":{"line":8,"column":9}},"type":"if","locations":[{"start":{"line":6,"column":8},"end":{"line":8,"column":9}}]},"1":{"loc":{"start":{"line":20,"column":8},"end":{"line":22,"column":9}},"type":"if","locations":[{"start":{"line":20,"column":8},"end":{"line":22,"column":9}}]}},"s":{"0":1,"1":1,"2":1,"3":1,"4":1,"5":1,"6":0,"7":1,"8":1,"9":0,"10":1,"11":1,"12":1,"13":0,"14":1,"15":1,"16":0},"f":{"0":1,"1":1},"b":{"0":[0],"1":[0]}}
,"/Users/maxcm/Desktop/React/Sofia Torres/src/services/mappers/product.mapper.ts": {"path":"/Users/maxcm/Desktop/React/Sofia Torres/src/services/mappers/product.mapper.ts","statementMap":{"0":{"start":{"line":4,"column":0},"end":{"line":4,"column":16}},"1":{"start":{"line":15,"column":0},"end":{"line":15,"column":16}},"2":{"start":{"line":5,"column":2},"end":{"line":12,"column":6}},"3":{"start":{"line":5,"column":36},"end":{"line":12,"column":4}},"4":{"start":{"line":16,"column":2},"end":{"line":16,"column":53}},"5":{"start":{"line":16,"column":38},"end":{"line":16,"column":51}}},"fnMap":{"0":{"name":"mapperProducts","decl":{"start":{"line":4,"column":16},"end":{"line":4,"column":30}},"loc":{"start":{"line":4,"column":58},"end":{"line":13,"column":1}}},"1":{"name":"(anonymous_1)","decl":{"start":{"line":5,"column":22},"end":{"line":5,"column":23}},"loc":{"start":{"line":5,"column":36},"end":{"line":12,"column":4}}},"2":{"name":"mapperCategories","decl":{"start":{"line":15,"column":16},"end":{"line":15,"column":32}},"loc":{"start":{"line":15,"column":63},"end":{"line":17,"column":1}}},"3":{"name":"(anonymous_3)","decl":{"start":{"line":16,"column":24},"end":{"line":16,"column":25}},"loc":{"start":{"line":16,"column":38},"end":{"line":16,"column":51}}}},"branchMap":{},"s":{"0":1,"1":1,"2":1,"3":1,"4":1,"5":1},"f":{"0":1,"1":1,"2":1,"3":1},"b":{}}
,"/Users/maxcm/Desktop/React/Sofia Torres/src/shared/actions/appActions.ts": {"path":"/Users/maxcm/Desktop/React/Sofia Torres/src/shared/actions/appActions.ts","statementMap":{"0":{"start":{"line":1,"column":0},"end":{"line":1,"column":89}},"1":{"start":{"line":2,"column":0},"end":{"line":2,"column":84}},"2":{"start":{"line":3,"column":0},"end":{"line":3,"column":64}},"3":{"start":{"line":5,"column":41},"end":{"line":21,"column":1}},"4":{"start":{"line":6,"column":4},"end":{"line":20,"column":5}},"5":{"start":{"line":7,"column":25},"end":{"line":7,"column":46}},"6":{"start":{"line":8,"column":27},"end":{"line":8,"column":50}},"7":{"start":{"line":10,"column":31},"end":{"line":10,"column":55}},"8":{"start":{"line":11,"column":8},"end":{"line":11,"column":null}},"9":{"start":{"line":12,"column":33},"end":{"line":12,"column":61}},"10":{"start":{"line":13,"column":8},"end":{"line":13,"column":null}},"11":{"start":{"line":15,"column":8},"end":{"line":15,"column":77}},"12":{"start":{"line":16,"column":8},"end":{"line":16,"column":81}},"13":{"start":{"line":19,"column":8},"end":{"line":19,"column":72}},"14":{"start":{"line":5,"column":13},"end":{"line":5,"column":41}}},"fnMap":{"0":{"name":"(anonymous_0)","decl":{"start":{"line":5,"column":41},"end":{"line":5,"column":46}},"loc":{"start":{"line":5,"column":73},"end":{"line":21,"column":1}}}},"branchMap":{},"s":{"0":1,"1":1,"2":1,"3":1,"4":2,"5":2,"6":1,"7":1,"8":1,"9":1,"10":1,"11":1,"12":1,"13":1,"14":1},"f":{"0":2},"b":{}}
,"/Users/maxcm/Desktop/React/Sofia Torres/src/shared/enums/routes.enum.ts": {"path":"/Users/maxcm/Desktop/React/Sofia Torres/src/shared/enums/routes.enum.ts","statementMap":{"0":{"start":{"line":1,"column":0},"end":{"line":1,"column":null}},"1":{"start":{"line":2,"column":2},"end":{"line":2,"column":null}},"2":{"start":{"line":3,"column":2},"end":{"line":3,"column":null}},"3":{"start":{"line":4,"column":2},"end":{"line":4,"column":null}}},"fnMap":{"0":{"name":"(anonymous_0)","decl":{"start":{"line":1,"column":0},"end":{"line":1,"column":12}},"loc":{"start":{"line":1,"column":22},"end":{"line":5,"column":1}}}},"branchMap":{"0":{"loc":{"start":{"line":1,"column":12},"end":{"line":1,"column":null}},"type":"binary-expr","locations":[{"start":{"line":1,"column":12},"end":{"line":1,"column":22}},{"start":{"line":1,"column":22},"end":{"line":1,"column":null}}]}},"s":{"0":2,"1":2,"2":2,"3":2},"f":{"0":2},"b":{"0":[2,2]}}
,"/Users/maxcm/Desktop/React/Sofia Torres/src/shared/hooks/useCartStorage.ts": {"path":"/Users/maxcm/Desktop/React/Sofia Torres/src/shared/hooks/useCartStorage.ts","statementMap":{"0":{"start":{"line":1,"column":0},"end":{"line":1,"column":44}},"1":{"start":{"line":4,"column":23},"end":{"line":19,"column":1}},"2":{"start":{"line":5,"column":36},"end":{"line":5,"column":74}},"3":{"start":{"line":7,"column":2},"end":{"line":12,"column":9}},"4":{"start":{"line":8,"column":23},"end":{"line":8,"column":56}},"5":{"start":{"line":9,"column":4},"end":{"line":11,"column":5}},"6":{"start":{"line":10,"column":6},"end":{"line":10,"column":43}},"7":{"start":{"line":14,"column":2},"end":{"line":16,"column":18}},"8":{"start":{"line":15,"column":4},"end":{"line":15,"column":65}},"9":{"start":{"line":18,"column":2},"end":{"line":18,"column":19}},"10":{"start":{"line":21,"column":0},"end":{"line":21,"column":30}}},"fnMap":{"0":{"name":"(anonymous_0)","decl":{"start":{"line":4,"column":23},"end":{"line":4,"column":24}},"loc":{"start":{"line":4,"column":56},"end":{"line":19,"column":1}}},"1":{"name":"(anonymous_1)","decl":{"start":{"line":7,"column":12},"end":{"line":7,"column":15}},"loc":{"start":{"line":7,"column":17},"end":{"line":12,"column":3}}},"2":{"name":"(anonymous_2)","decl":{"start":{"line":14,"column":12},"end":{"line":14,"column":15}},"loc":{"start":{"line":14,"column":17},"end":{"line":16,"column":3}}}},"branchMap":{"0":{"loc":{"start":{"line":9,"column":4},"end":{"line":11,"column":5}},"type":"if","locations":[{"start":{"line":9,"column":4},"end":{"line":11,"column":5}}]}},"s":{"0":2,"1":2,"2":6,"3":6,"4":4,"5":4,"6":2,"7":6,"8":6,"9":6,"10":2},"f":{"0":6,"1":4,"2":6},"b":{"0":[2]}}
,"/Users/maxcm/Desktop/React/Sofia Torres/src/shared/hooks/usePlace.ts": {"path":"/Users/maxcm/Desktop/React/Sofia Torres/src/shared/hooks/usePlace.ts","statementMap":{"0":{"start":{"line":1,"column":0},"end":{"line":1,"column":54}},"1":{"start":{"line":3,"column":21},"end":{"line":8,"column":1}},"2":{"start":{"line":5,"column":24},"end":{"line":5,"column":80}},"3":{"start":{"line":5,"column":66},"end":{"line":5,"column":79}},"4":{"start":{"line":7,"column":2},"end":{"line":7,"column":27}},"5":{"start":{"line":10,"column":0},"end":{"line":10,"column":28}}},"fnMap":{"0":{"name":"(anonymous_1)","decl":{"start":{"line":3,"column":21},"end":{"line":3,"column":24}},"loc":{"start":{"line":3,"column":26},"end":{"line":8,"column":1}}},"1":{"name":"(anonymous_2)","decl":{"start":{"line":5,"column":52},"end":{"line":5,"column":53}},"loc":{"start":{"line":5,"column":66},"end":{"line":5,"column":79}}}},"branchMap":{},"s":{"0":1,"1":1,"2":1,"3":3,"4":1,"5":1},"f":{"0":1,"1":3},"b":{}}
,"/Users/maxcm/Desktop/React/Sofia Torres/src/shared/utils/filterProducts.ts": {"path":"/Users/maxcm/Desktop/React/Sofia Torres/src/shared/utils/filterProducts.ts","statementMap":{"0":{"start":{"line":2,"column":0},"end":{"line":2,"column":39}},"1":{"start":{"line":4,"column":30},"end":{"line":12,"column":1}},"2":{"start":{"line":5,"column":2},"end":{"line":11,"column":5}},"3":{"start":{"line":6,"column":26},"end":{"line":6,"column":88}},"4":{"start":{"line":8,"column":6},"end":{"line":8,"column":117}},"5":{"start":{"line":9,"column":6},"end":{"line":9,"column":null}},"6":{"start":{"line":10,"column":4},"end":{"line":10,"column":44}},"7":{"start":{"line":4,"column":13},"end":{"line":4,"column":30}}},"fnMap":{"0":{"name":"(anonymous_0)","decl":{"start":{"line":4,"column":30},"end":{"line":4,"column":31}},"loc":{"start":{"line":4,"column":127},"end":{"line":12,"column":1}}},"1":{"name":"(anonymous_1)","decl":{"start":{"line":5,"column":25},"end":{"line":5,"column":26}},"loc":{"start":{"line":5,"column":37},"end":{"line":11,"column":3}}}},"branchMap":{"0":{"loc":{"start":{"line":8,"column":6},"end":{"line":8,"column":117}},"type":"binary-expr","locations":[{"start":{"line":8,"column":6},"end":{"line":8,"column":48}},{"start":{"line":8,"column":52},"end":{"line":8,"column":117}}]},"1":{"loc":{"start":{"line":10,"column":11},"end":{"line":10,"column":43}},"type":"binary-expr","locations":[{"start":{"line":10,"column":11},"end":{"line":10,"column":24}},{"start":{"line":10,"column":28},"end":{"line":10,"column":43}}]}},"s":{"0":3,"1":3,"2":8,"3":14,"4":14,"5":14,"6":14,"7":3},"f":{"0":8,"1":14},"b":{"0":[14,5],"1":[14,13]}}
,"/Users/maxcm/Desktop/React/Sofia Torres/src/shared/utils/formatPrice.ts": {"path":"/Users/maxcm/Desktop/React/Sofia Torres/src/shared/utils/formatPrice.ts","statementMap":{"0":{"start":{"line":1,"column":31},"end":{"line":4,"column":1}},"1":{"start":{"line":2,"column":23},"end":{"line":2,"column":40}},"2":{"start":{"line":3,"column":2},"end":{"line":3,"column":28}},"3":{"start":{"line":1,"column":13},"end":{"line":1,"column":31}}},"fnMap":{"0":{"name":"(anonymous_0)","decl":{"start":{"line":1,"column":31},"end":{"line":1,"column":32}},"loc":{"start":{"line":1,"column":57},"end":{"line":4,"column":1}}}},"branchMap":{},"s":{"0":3,"1":15,"2":15,"3":3},"f":{"0":15},"b":{}}
,"/Users/maxcm/Desktop/React/Sofia Torres/src/shared/utils/textContants.ts": {"path":"/Users/maxcm/Desktop/React/Sofia Torres/src/shared/utils/textContants.ts","statementMap":{"0":{"start":{"line":2,"column":13},"end":{"line":5,"column":2}}},"fnMap":{},"branchMap":{},"s":{"0":3},"f":{},"b":{}}
,"/Users/maxcm/Desktop/React/Sofia Torres/src/types/app-types.ts": {"path":"/Users/maxcm/Desktop/React/Sofia Torres/src/types/app-types.ts","statementMap":{"0":{"start":{"line":5,"column":0},"end":{"line":5,"column":null}},"1":{"start":{"line":6,"column":2},"end":{"line":6,"column":null}},"2":{"start":{"line":7,"column":2},"end":{"line":7,"column":null}}},"fnMap":{"0":{"name":"(anonymous_0)","decl":{"start":{"line":5,"column":0},"end":{"line":5,"column":12}},"loc":{"start":{"line":5,"column":22},"end":{"line":8,"column":1}}}},"branchMap":{"0":{"loc":{"start":{"line":5,"column":12},"end":{"line":5,"column":null}},"type":"binary-expr","locations":[{"start":{"line":5,"column":12},"end":{"line":5,"column":22}},{"start":{"line":5,"column":22},"end":{"line":5,"column":null}}]}},"s":{"0":4,"1":4,"2":4},"f":{"0":4},"b":{"0":[4,4]}}
}
