{"C:\\Users\\jj29_\\Desktop\\challenge-ntt\\src\\component\\button\\Button.tsx": {"path":"C:\\Users\\jj29_\\Desktop\\challenge-ntt\\src\\component\\button\\Button.tsx","statementMap":{"0":{"start":{"line":2,"column":0},"end":{"line":2,"column":22}},"1":{"start":{"line":12,"column":32},"end":{"line":23,"column":1}},"2":{"start":{"line":13,"column":2},"end":{"line":22,"column":4}},"3":{"start":{"line":25,"column":0},"end":{"line":25,"column":22}}},"fnMap":{"0":{"name":"(anonymous_0)","decl":{"start":{"line":12,"column":32},"end":{"line":12,"column":33}},"loc":{"start":{"line":12,"column":95},"end":{"line":23,"column":1}}}},"branchMap":{"0":{"loc":{"start":{"line":19,"column":7},"end":{"line":19,"column":54}},"type":"binary-expr","locations":[{"start":{"line":19,"column":7},"end":{"line":19,"column":12}},{"start":{"line":19,"column":16},"end":{"line":19,"column":54}}]},"1":{"loc":{"start":{"line":20,"column":7},"end":{"line":20,"column":59}},"type":"binary-expr","locations":[{"start":{"line":20,"column":7},"end":{"line":20,"column":11}},{"start":{"line":20,"column":15},"end":{"line":20,"column":59}}]}},"s":{"0":4,"1":4,"2":17,"3":4},"f":{"0":17},"b":{"0":[17,16],"1":[17,15]}}
,"C:\\Users\\jj29_\\Desktop\\challenge-ntt\\src\\component\\card\\Card.tsx": {"path":"C:\\Users\\jj29_\\Desktop\\challenge-ntt\\src\\component\\card\\Card.tsx","statementMap":{"0":{"start":{"line":2,"column":0},"end":{"line":2,"column":48}},"1":{"start":{"line":3,"column":0},"end":{"line":3,"column":38}},"2":{"start":{"line":4,"column":0},"end":{"line":4,"column":54}},"3":{"start":{"line":5,"column":0},"end":{"line":5,"column":50}},"4":{"start":{"line":6,"column":0},"end":{"line":6,"column":20}},"5":{"start":{"line":19,"column":28},"end":{"line":42,"column":1}},"6":{"start":{"line":20,"column":4},"end":{"line":41,"column":6}},"7":{"start":{"line":44,"column":0},"end":{"line":44,"column":20}}},"fnMap":{"0":{"name":"(anonymous_1)","decl":{"start":{"line":19,"column":28},"end":{"line":19,"column":29}},"loc":{"start":{"line":19,"column":130},"end":{"line":42,"column":1}}}},"branchMap":{},"s":{"0":3,"1":3,"2":3,"3":3,"4":3,"5":3,"6":14,"7":3},"f":{"0":14},"b":{}}
,"C:\\Users\\jj29_\\Desktop\\challenge-ntt\\src\\component\\cartIcon\\CartIcon.tsx": {"path":"C:\\Users\\jj29_\\Desktop\\challenge-ntt\\src\\component\\cartIcon\\CartIcon.tsx","statementMap":{"0":{"start":{"line":1,"column":0},"end":{"line":1,"column":48}},"1":{"start":{"line":2,"column":0},"end":{"line":2,"column":57}},"2":{"start":{"line":3,"column":0},"end":{"line":3,"column":40}},"3":{"start":{"line":4,"column":0},"end":{"line":4,"column":60}},"4":{"start":{"line":7,"column":17},"end":{"line":21,"column":1}},"5":{"start":{"line":8,"column":44},"end":{"line":8,"column":58}},"6":{"start":{"line":9,"column":24},"end":{"line":9,"column":79}},"7":{"start":{"line":9,"column":54},"end":{"line":9,"column":75}},"8":{"start":{"line":11,"column":2},"end":{"line":20,"column":4}},"9":{"start":{"line":23,"column":0},"end":{"line":23,"column":24}}},"fnMap":{"0":{"name":"(anonymous_0)","decl":{"start":{"line":7,"column":17},"end":{"line":7,"column":20}},"loc":{"start":{"line":7,"column":22},"end":{"line":21,"column":1}}},"1":{"name":"(anonymous_1)","decl":{"start":{"line":9,"column":37},"end":{"line":9,"column":38}},"loc":{"start":{"line":9,"column":54},"end":{"line":9,"column":75}}}},"branchMap":{"0":{"loc":{"start":{"line":16,"column":11},"end":{"line":16,"column":48}},"type":"cond-expr","locations":[{"start":{"line":16,"column":31},"end":{"line":16,"column":44}},{"start":{"line":16,"column":47},"end":{"line":16,"column":48}}]}},"s":{"0":3,"1":3,"2":3,"3":3,"4":3,"5":10,"6":10,"7":4,"8":10,"9":3},"f":{"0":10,"1":4},"b":{"0":[2,8]}}
,"C:\\Users\\jj29_\\Desktop\\challenge-ntt\\src\\component\\common\\DetailsProduct.tsx": {"path":"C:\\Users\\jj29_\\Desktop\\challenge-ntt\\src\\component\\common\\DetailsProduct.tsx","statementMap":{"0":{"start":{"line":2,"column":0},"end":{"line":2,"column":29}},"1":{"start":{"line":12,"column":48},"end":{"line":21,"column":1}},"2":{"start":{"line":13,"column":2},"end":{"line":20,"column":4}},"3":{"start":{"line":23,"column":0},"end":{"line":23,"column":30}}},"fnMap":{"0":{"name":"(anonymous_0)","decl":{"start":{"line":12,"column":48},"end":{"line":12,"column":49}},"loc":{"start":{"line":12,"column":99},"end":{"line":21,"column":1}}}},"branchMap":{"0":{"loc":{"start":{"line":15,"column":7},"end":{"line":15,"column":64}},"type":"binary-expr","locations":[{"start":{"line":15,"column":7},"end":{"line":15,"column":15}},{"start":{"line":15,"column":19},"end":{"line":15,"column":64}}]},"1":{"loc":{"start":{"line":18,"column":7},"end":{"line":18,"column":79}},"type":"binary-expr","locations":[{"start":{"line":18,"column":7},"end":{"line":18,"column":15}},{"start":{"line":18,"column":19},"end":{"line":18,"column":79}}]}},"s":{"0":4,"1":4,"2":15,"3":4},"f":{"0":15},"b":{"0":[15,15],"1":[15,15]}}
,"C:\\Users\\jj29_\\Desktop\\challenge-ntt\\src\\component\\common\\ImageProduct.tsx": {"path":"C:\\Users\\jj29_\\Desktop\\challenge-ntt\\src\\component\\common\\ImageProduct.tsx","statementMap":{"0":{"start":{"line":2,"column":0},"end":{"line":2,"column":28}},"1":{"start":{"line":10,"column":44},"end":{"line":15,"column":1}},"2":{"start":{"line":11,"column":2},"end":{"line":14,"column":29}},"3":{"start":{"line":17,"column":0},"end":{"line":17,"column":28}}},"fnMap":{"0":{"name":"(anonymous_0)","decl":{"start":{"line":10,"column":44},"end":{"line":10,"column":45}},"loc":{"start":{"line":10,"column":72},"end":{"line":15,"column":1}}}},"branchMap":{},"s":{"0":4,"1":4,"2":15,"3":4},"f":{"0":15},"b":{}}
,"C:\\Users\\jj29_\\Desktop\\challenge-ntt\\src\\component\\footer\\Footer.tsx": {"path":"C:\\Users\\jj29_\\Desktop\\challenge-ntt\\src\\component\\footer\\Footer.tsx","statementMap":{"0":{"start":{"line":1,"column":0},"end":{"line":1,"column":78}},"1":{"start":{"line":2,"column":0},"end":{"line":2,"column":22}},"2":{"start":{"line":4,"column":15},"end":{"line":19,"column":1}},"3":{"start":{"line":5,"column":4},"end":{"line":18,"column":6}},"4":{"start":{"line":21,"column":0},"end":{"line":21,"column":22}}},"fnMap":{"0":{"name":"(anonymous_0)","decl":{"start":{"line":4,"column":15},"end":{"line":4,"column":18}},"loc":{"start":{"line":4,"column":20},"end":{"line":19,"column":1}}}},"branchMap":{},"s":{"0":1,"1":1,"2":1,"3":3,"4":1},"f":{"0":3},"b":{}}
,"C:\\Users\\jj29_\\Desktop\\challenge-ntt\\src\\component\\input\\InputComponent.tsx": {"path":"C:\\Users\\jj29_\\Desktop\\challenge-ntt\\src\\component\\input\\InputComponent.tsx","statementMap":{"0":{"start":{"line":2,"column":0},"end":{"line":2,"column":20}},"1":{"start":{"line":15,"column":39},"end":{"line":28,"column":1}},"2":{"start":{"line":16,"column":2},"end":{"line":27,"column":4}},"3":{"start":{"line":30,"column":0},"end":{"line":30,"column":30}}},"fnMap":{"0":{"name":"(anonymous_0)","decl":{"start":{"line":15,"column":39},"end":{"line":15,"column":40}},"loc":{"start":{"line":15,"column":123},"end":{"line":28,"column":1}}}},"branchMap":{"0":{"loc":{"start":{"line":15,"column":89},"end":{"line":15,"column":102}},"type":"default-arg","locations":[{"start":{"line":15,"column":96},"end":{"line":15,"column":102}}]},"1":{"loc":{"start":{"line":25,"column":9},"end":{"line":25,"column":86}},"type":"binary-expr","locations":[{"start":{"line":25,"column":9},"end":{"line":25,"column":13}},{"start":{"line":25,"column":17},"end":{"line":25,"column":86}}]}},"s":{"0":3,"1":3,"2":9,"3":3},"f":{"0":9},"b":{"0":[9],"1":[9,8]}}
,"C:\\Users\\jj29_\\Desktop\\challenge-ntt\\src\\component\\mainLayout\\MainLayout.tsx": {"path":"C:\\Users\\jj29_\\Desktop\\challenge-ntt\\src\\component\\mainLayout\\MainLayout.tsx","statementMap":{"0":{"start":{"line":1,"column":0},"end":{"line":1,"column":40}},"1":{"start":{"line":2,"column":0},"end":{"line":2,"column":38}},"2":{"start":{"line":3,"column":0},"end":{"line":3,"column":32}},"3":{"start":{"line":4,"column":0},"end":{"line":4,"column":26}},"4":{"start":{"line":6,"column":19},"end":{"line":22,"column":1}},"5":{"start":{"line":7,"column":4},"end":{"line":21,"column":6}},"6":{"start":{"line":24,"column":0},"end":{"line":24,"column":26}}},"fnMap":{"0":{"name":"(anonymous_1)","decl":{"start":{"line":6,"column":19},"end":{"line":6,"column":22}},"loc":{"start":{"line":6,"column":24},"end":{"line":22,"column":1}}}},"branchMap":{},"s":{"0":1,"1":1,"2":1,"3":1,"4":1,"5":3,"6":1},"f":{"0":3},"b":{}}
,"C:\\Users\\jj29_\\Desktop\\challenge-ntt\\src\\component\\navbar\\Nav.tsx": {"path":"C:\\Users\\jj29_\\Desktop\\challenge-ntt\\src\\component\\navbar\\Nav.tsx","statementMap":{"0":{"start":{"line":1,"column":0},"end":{"line":1,"column":40}},"1":{"start":{"line":2,"column":0},"end":{"line":2,"column":52}},"2":{"start":{"line":3,"column":0},"end":{"line":3,"column":44}},"3":{"start":{"line":4,"column":0},"end":{"line":4,"column":19}},"4":{"start":{"line":6,"column":12},"end":{"line":35,"column":1}},"5":{"start":{"line":7,"column":42},"end":{"line":7,"column":51}},"6":{"start":{"line":8,"column":4},"end":{"line":34,"column":6}},"7":{"start":{"line":37,"column":0},"end":{"line":37,"column":19}}},"fnMap":{"0":{"name":"(anonymous_1)","decl":{"start":{"line":6,"column":12},"end":{"line":6,"column":15}},"loc":{"start":{"line":6,"column":17},"end":{"line":35,"column":1}}}},"branchMap":{"0":{"loc":{"start":{"line":23,"column":21},"end":{"line":26,"column":null}},"type":"cond-expr","locations":[{"start":{"line":24,"column":24},"end":{"line":24,"column":74}},{"start":{"line":26,"column":24},"end":{"line":26,"column":83}}]}},"s":{"0":2,"1":2,"2":2,"3":2,"4":2,"5":7,"6":7,"7":2},"f":{"0":7},"b":{"0":[3,4]}}
,"C:\\Users\\jj29_\\Desktop\\challenge-ntt\\src\\component\\select\\Select.tsx": {"path":"C:\\Users\\jj29_\\Desktop\\challenge-ntt\\src\\component\\select\\Select.tsx","statementMap":{"0":{"start":{"line":2,"column":0},"end":{"line":2,"column":21}},"1":{"start":{"line":13,"column":32},"end":{"line":31,"column":1}},"2":{"start":{"line":14,"column":23},"end":{"line":16,"column":3}},"3":{"start":{"line":15,"column":4},"end":{"line":15,"column":33}},"4":{"start":{"line":18,"column":2},"end":{"line":30,"column":4}},"5":{"start":{"line":25,"column":8},"end":{"line":25,"column":28}},"6":{"start":{"line":33,"column":0},"end":{"line":33,"column":22}}},"fnMap":{"0":{"name":"(anonymous_0)","decl":{"start":{"line":13,"column":32},"end":{"line":13,"column":33}},"loc":{"start":{"line":13,"column":89},"end":{"line":31,"column":1}}},"1":{"name":"(anonymous_1)","decl":{"start":{"line":14,"column":23},"end":{"line":14,"column":24}},"loc":{"start":{"line":14,"column":71},"end":{"line":16,"column":3}}},"2":{"name":"(anonymous_2)","decl":{"start":{"line":24,"column":19},"end":{"line":24,"column":20}},"loc":{"start":{"line":25,"column":8},"end":{"line":25,"column":28}}}},"branchMap":{"0":{"loc":{"start":{"line":21,"column":13},"end":{"line":21,"column":24}},"type":"binary-expr","locations":[{"start":{"line":21,"column":13},"end":{"line":21,"column":18}},{"start":{"line":21,"column":22},"end":{"line":21,"column":24}}]},"1":{"loc":{"start":{"line":23,"column":7},"end":{"line":23,"column":70}},"type":"binary-expr","locations":[{"start":{"line":23,"column":7},"end":{"line":23,"column":18}},{"start":{"line":23,"column":22},"end":{"line":23,"column":70}}]}},"s":{"0":3,"1":3,"2":12,"3":2,"4":12,"5":30,"6":3},"f":{"0":12,"1":2,"2":30},"b":{"0":[12,1],"1":[12,2]}}
,"C:\\Users\\jj29_\\Desktop\\challenge-ntt\\src\\context\\AppContext.tsx": {"path":"C:\\Users\\jj29_\\Desktop\\challenge-ntt\\src\\context\\AppContext.tsx","statementMap":{"0":{"start":{"line":1,"column":0},"end":{"line":1,"column":85}},"1":{"start":{"line":2,"column":0},"end":{"line":2,"column":67}},"2":{"start":{"line":4,"column":0},"end":{"line":4,"column":51}},"3":{"start":{"line":6,"column":24},"end":{"line":6,"column":70}},"4":{"start":{"line":7,"column":27},"end":{"line":7,"column":76}},"5":{"start":{"line":9,"column":49},"end":{"line":19,"column":1}},"6":{"start":{"line":10,"column":30},"end":{"line":10,"column":66}},"7":{"start":{"line":12,"column":4},"end":{"line":18,"column":6}},"8":{"start":{"line":39,"column":9},"end":{"line":39,"column":26}},"9":{"start":{"line":21,"column":26},"end":{"line":28,"column":1}},"10":{"start":{"line":22,"column":20},"end":{"line":22,"column":47}},"11":{"start":{"line":24,"column":4},"end":{"line":26,"column":5}},"12":{"start":{"line":25,"column":8},"end":{"line":25,"column":83}},"13":{"start":{"line":27,"column":4},"end":{"line":27,"column":19}},"14":{"start":{"line":39,"column":28},"end":{"line":39,"column":45}},"15":{"start":{"line":30,"column":29},"end":{"line":37,"column":1}},"16":{"start":{"line":31,"column":20},"end":{"line":31,"column":50}},"17":{"start":{"line":33,"column":4},"end":{"line":35,"column":5}},"18":{"start":{"line":34,"column":8},"end":{"line":34,"column":89}},"19":{"start":{"line":36,"column":4},"end":{"line":36,"column":19}},"20":{"start":{"line":39,"column":47},"end":{"line":39,"column":67}}},"fnMap":{"0":{"name":"(anonymous_0)","decl":{"start":{"line":9,"column":49},"end":{"line":9,"column":50}},"loc":{"start":{"line":9,"column":66},"end":{"line":19,"column":1}}},"1":{"name":"(anonymous_1)","decl":{"start":{"line":21,"column":26},"end":{"line":21,"column":39}},"loc":{"start":{"line":21,"column":41},"end":{"line":28,"column":1}}},"2":{"name":"(anonymous_2)","decl":{"start":{"line":30,"column":29},"end":{"line":30,"column":45}},"loc":{"start":{"line":30,"column":47},"end":{"line":37,"column":1}}}},"branchMap":{"0":{"loc":{"start":{"line":24,"column":4},"end":{"line":26,"column":5}},"type":"if","locations":[{"start":{"line":24,"column":4},"end":{"line":26,"column":5}}]},"1":{"loc":{"start":{"line":33,"column":4},"end":{"line":35,"column":5}},"type":"if","locations":[{"start":{"line":33,"column":4},"end":{"line":35,"column":5}}]}},"s":{"0":2,"1":2,"2":2,"3":2,"4":2,"5":2,"6":5,"7":5,"8":2,"9":2,"10":3,"11":3,"12":0,"13":3,"14":2,"15":2,"16":1,"17":1,"18":0,"19":1,"20":2},"f":{"0":5,"1":3,"2":1},"b":{"0":[0],"1":[0]}}
,"C:\\Users\\jj29_\\Desktop\\challenge-ntt\\src\\context\\AuthContext.tsx": {"path":"C:\\Users\\jj29_\\Desktop\\challenge-ntt\\src\\context\\AuthContext.tsx","statementMap":{"0":{"start":{"line":1,"column":0},"end":{"line":1,"column":82}},"1":{"start":{"line":10,"column":20},"end":{"line":10,"column":73}},"2":{"start":{"line":12,"column":23},"end":{"line":18,"column":1}},"3":{"start":{"line":13,"column":18},"end":{"line":13,"column":41}},"4":{"start":{"line":14,"column":2},"end":{"line":16,"column":3}},"5":{"start":{"line":15,"column":4},"end":{"line":15,"column":67}},"6":{"start":{"line":17,"column":2},"end":{"line":17,"column":17}},"7":{"start":{"line":12,"column":13},"end":{"line":12,"column":23}},"8":{"start":{"line":24,"column":28},"end":{"line":56,"column":1}},"9":{"start":{"line":25,"column":48},"end":{"line":25,"column":72}},"10":{"start":{"line":26,"column":34},"end":{"line":26,"column":63}},"11":{"start":{"line":28,"column":2},"end":{"line":35,"column":9}},"12":{"start":{"line":29,"column":27},"end":{"line":29,"column":59}},"13":{"start":{"line":30,"column":18},"end":{"line":30,"column":51}},"14":{"start":{"line":31,"column":4},"end":{"line":34,"column":5}},"15":{"start":{"line":32,"column":6},"end":{"line":32,"column":31}},"16":{"start":{"line":33,"column":6},"end":{"line":33,"column":34}},"17":{"start":{"line":37,"column":16},"end":{"line":42,"column":3}},"18":{"start":{"line":38,"column":4},"end":{"line":38,"column":47}},"19":{"start":{"line":39,"column":4},"end":{"line":39,"column":45}},"20":{"start":{"line":40,"column":4},"end":{"line":40,"column":26}},"21":{"start":{"line":41,"column":4},"end":{"line":41,"column":29}},"22":{"start":{"line":44,"column":17},"end":{"line":49,"column":3}},"23":{"start":{"line":45,"column":4},"end":{"line":45,"column":40}},"24":{"start":{"line":46,"column":4},"end":{"line":46,"column":41}},"25":{"start":{"line":47,"column":4},"end":{"line":47,"column":22}},"26":{"start":{"line":48,"column":4},"end":{"line":48,"column":30}},"27":{"start":{"line":51,"column":2},"end":{"line":55,"column":4}},"28":{"start":{"line":24,"column":13},"end":{"line":24,"column":28}}},"fnMap":{"0":{"name":"(anonymous_0)","decl":{"start":{"line":12,"column":23},"end":{"line":12,"column":43}},"loc":{"start":{"line":12,"column":45},"end":{"line":18,"column":1}}},"1":{"name":"(anonymous_1)","decl":{"start":{"line":24,"column":28},"end":{"line":24,"column":29}},"loc":{"start":{"line":24,"column":64},"end":{"line":56,"column":1}}},"2":{"name":"(anonymous_2)","decl":{"start":{"line":28,"column":12},"end":{"line":28,"column":15}},"loc":{"start":{"line":28,"column":17},"end":{"line":35,"column":3}}},"3":{"name":"(anonymous_3)","decl":{"start":{"line":37,"column":16},"end":{"line":37,"column":17}},"loc":{"start":{"line":37,"column":52},"end":{"line":42,"column":3}}},"4":{"name":"(anonymous_4)","decl":{"start":{"line":44,"column":17},"end":{"line":44,"column":20}},"loc":{"start":{"line":44,"column":22},"end":{"line":49,"column":3}}}},"branchMap":{"0":{"loc":{"start":{"line":14,"column":2},"end":{"line":16,"column":3}},"type":"if","locations":[{"start":{"line":14,"column":2},"end":{"line":16,"column":3}}]},"1":{"loc":{"start":{"line":31,"column":4},"end":{"line":34,"column":5}},"type":"if","locations":[{"start":{"line":31,"column":4},"end":{"line":34,"column":5}}]},"2":{"loc":{"start":{"line":31,"column":8},"end":{"line":31,"column":31}},"type":"binary-expr","locations":[{"start":{"line":31,"column":8},"end":{"line":31,"column":13}},{"start":{"line":31,"column":17},"end":{"line":31,"column":31}}]}},"s":{"0":1,"1":1,"2":1,"3":3,"4":3,"5":0,"6":3,"7":1,"8":1,"9":3,"10":3,"11":3,"12":3,"13":3,"14":3,"15":0,"16":0,"17":3,"18":0,"19":0,"20":0,"21":0,"22":3,"23":0,"24":0,"25":0,"26":0,"27":3,"28":1},"f":{"0":3,"1":3,"2":3,"3":0,"4":0},"b":{"0":[0],"1":[0],"2":[3,0]}}
,"C:\\Users\\jj29_\\Desktop\\challenge-ntt\\src\\context\\CartContext.tsx": {"path":"C:\\Users\\jj29_\\Desktop\\challenge-ntt\\src\\context\\CartContext.tsx","statementMap":{"0":{"start":{"line":1,"column":0},"end":{"line":1,"column":96}},"1":{"start":{"line":2,"column":0},"end":{"line":2,"column":71}},"2":{"start":{"line":4,"column":0},"end":{"line":4,"column":60}},"3":{"start":{"line":6,"column":25},"end":{"line":6,"column":62}},"4":{"start":{"line":7,"column":28},"end":{"line":7,"column":82}},"5":{"start":{"line":9,"column":28},"end":{"line":15,"column":1}},"6":{"start":{"line":10,"column":18},"end":{"line":10,"column":46}},"7":{"start":{"line":11,"column":2},"end":{"line":13,"column":3}},"8":{"start":{"line":12,"column":4},"end":{"line":12,"column":74}},"9":{"start":{"line":14,"column":2},"end":{"line":14,"column":17}},"10":{"start":{"line":9,"column":13},"end":{"line":9,"column":28}},"11":{"start":{"line":17,"column":31},"end":{"line":23,"column":1}},"12":{"start":{"line":18,"column":18},"end":{"line":18,"column":49}},"13":{"start":{"line":19,"column":2},"end":{"line":21,"column":3}},"14":{"start":{"line":20,"column":4},"end":{"line":20,"column":77}},"15":{"start":{"line":22,"column":2},"end":{"line":22,"column":17}},"16":{"start":{"line":17,"column":13},"end":{"line":17,"column":31}},"17":{"start":{"line":25,"column":51},"end":{"line":44,"column":1}},"18":{"start":{"line":26,"column":47},"end":{"line":26,"column":85}},"19":{"start":{"line":28,"column":28},"end":{"line":31,"column":4}},"20":{"start":{"line":33,"column":2},"end":{"line":35,"column":34}},"21":{"start":{"line":34,"column":4},"end":{"line":34,"column":30}},"22":{"start":{"line":37,"column":2},"end":{"line":43,"column":4}},"23":{"start":{"line":25,"column":13},"end":{"line":25,"column":51}}},"fnMap":{"0":{"name":"(anonymous_1)","decl":{"start":{"line":9,"column":28},"end":{"line":9,"column":31}},"loc":{"start":{"line":9,"column":33},"end":{"line":15,"column":1}}},"1":{"name":"(anonymous_2)","decl":{"start":{"line":17,"column":31},"end":{"line":17,"column":34}},"loc":{"start":{"line":17,"column":36},"end":{"line":23,"column":1}}},"2":{"name":"(anonymous_3)","decl":{"start":{"line":25,"column":51},"end":{"line":25,"column":52}},"loc":{"start":{"line":25,"column":68},"end":{"line":44,"column":1}}},"3":{"name":"(anonymous_4)","decl":{"start":{"line":33,"column":12},"end":{"line":33,"column":15}},"loc":{"start":{"line":33,"column":17},"end":{"line":35,"column":3}}}},"branchMap":{"0":{"loc":{"start":{"line":11,"column":2},"end":{"line":13,"column":3}},"type":"if","locations":[{"start":{"line":11,"column":2},"end":{"line":13,"column":3}}]},"1":{"loc":{"start":{"line":19,"column":2},"end":{"line":21,"column":3}},"type":"if","locations":[{"start":{"line":19,"column":2},"end":{"line":21,"column":3}}]}},"s":{"0":3,"1":3,"2":3,"3":3,"4":3,"5":3,"6":8,"7":8,"8":0,"9":8,"10":3,"11":3,"12":3,"13":3,"14":0,"15":3,"16":3,"17":3,"18":8,"19":8,"20":8,"21":8,"22":8,"23":3},"f":{"0":8,"1":3,"2":8,"3":8},"b":{"0":[0],"1":[0]}}
,"C:\\Users\\jj29_\\Desktop\\challenge-ntt\\src\\domain\\appState.domain.ts": {"path":"C:\\Users\\jj29_\\Desktop\\challenge-ntt\\src\\domain\\appState.domain.ts","statementMap":{"0":{"start":{"line":15,"column":13},"end":{"line":18,"column":2}}},"fnMap":{},"branchMap":{},"s":{"0":2},"f":{},"b":{}}
,"C:\\Users\\jj29_\\Desktop\\challenge-ntt\\src\\domain\\cart.domain.ts": {"path":"C:\\Users\\jj29_\\Desktop\\challenge-ntt\\src\\domain\\cart.domain.ts","statementMap":{"0":{"start":{"line":10,"column":0},"end":{"line":10,"column":null}},"1":{"start":{"line":11,"column":2},"end":{"line":11,"column":null}},"2":{"start":{"line":12,"column":2},"end":{"line":12,"column":null}},"3":{"start":{"line":13,"column":2},"end":{"line":13,"column":null}}},"fnMap":{"0":{"name":"(anonymous_0)","decl":{"start":{"line":10,"column":0},"end":{"line":10,"column":12}},"loc":{"start":{"line":10,"column":23},"end":{"line":14,"column":1}}}},"branchMap":{"0":{"loc":{"start":{"line":10,"column":12},"end":{"line":10,"column":null}},"type":"binary-expr","locations":[{"start":{"line":10,"column":12},"end":{"line":10,"column":23}},{"start":{"line":10,"column":23},"end":{"line":10,"column":null}}]}},"s":{"0":5,"1":5,"2":5,"3":5},"f":{"0":5},"b":{"0":[5,5]}}
,"C:\\Users\\jj29_\\Desktop\\challenge-ntt\\src\\pages\\productsView\\ProductsView.tsx": {"path":"C:\\Users\\jj29_\\Desktop\\challenge-ntt\\src\\pages\\productsView\\ProductsView.tsx","statementMap":{"0":{"start":{"line":2,"column":0},"end":{"line":2,"column":59}},"1":{"start":{"line":3,"column":0},"end":{"line":3,"column":58}},"2":{"start":{"line":4,"column":0},"end":{"line":4,"column":63}},"3":{"start":{"line":5,"column":0},"end":{"line":5,"column":65}},"4":{"start":{"line":6,"column":0},"end":{"line":6,"column":35}},"5":{"start":{"line":7,"column":0},"end":{"line":7,"column":43}},"6":{"start":{"line":8,"column":0},"end":{"line":8,"column":53}},"7":{"start":{"line":9,"column":0},"end":{"line":9,"column":54}},"8":{"start":{"line":10,"column":0},"end":{"line":10,"column":66}},"9":{"start":{"line":11,"column":0},"end":{"line":11,"column":51}},"10":{"start":{"line":12,"column":0},"end":{"line":12,"column":45}},"11":{"start":{"line":13,"column":0},"end":{"line":13,"column":24}},"12":{"start":{"line":15,"column":25},"end":{"line":84,"column":1}},"13":{"start":{"line":16,"column":35},"end":{"line":16,"column":54}},"14":{"start":{"line":17,"column":4},"end":{"line":17,"column":26}},"15":{"start":{"line":18,"column":21},"end":{"line":18,"column":38}},"16":{"start":{"line":20,"column":40},"end":{"line":20,"column":60}},"17":{"start":{"line":21,"column":52},"end":{"line":21,"column":83}},"18":{"start":{"line":23,"column":28},"end":{"line":38,"column":5}},"19":{"start":{"line":24,"column":24},"end":{"line":24,"column":64}},"20":{"start":{"line":24,"column":45},"end":{"line":24,"column":63}},"21":{"start":{"line":25,"column":8},"end":{"line":25,"column":29}},"22":{"start":{"line":25,"column":22},"end":{"line":25,"column":29}},"23":{"start":{"line":27,"column":8},"end":{"line":37,"column":11}},"24":{"start":{"line":40,"column":28},"end":{"line":40,"column":66}},"25":{"start":{"line":41,"column":29},"end":{"line":41,"column":83}},"26":{"start":{"line":43,"column":31},"end":{"line":45,"column":5}},"27":{"start":{"line":44,"column":8},"end":{"line":44,"column":38}},"28":{"start":{"line":47,"column":4},"end":{"line":83,"column":6}},"29":{"start":{"line":69,"column":20},"end":{"line":70,"column":null}},"30":{"start":{"line":76,"column":43},"end":{"line":76,"column":70}},"31":{"start":{"line":86,"column":0},"end":{"line":86,"column":28}}},"fnMap":{"0":{"name":"(anonymous_1)","decl":{"start":{"line":15,"column":25},"end":{"line":15,"column":28}},"loc":{"start":{"line":15,"column":30},"end":{"line":84,"column":1}}},"1":{"name":"(anonymous_2)","decl":{"start":{"line":23,"column":28},"end":{"line":23,"column":29}},"loc":{"start":{"line":23,"column":50},"end":{"line":38,"column":5}}},"2":{"name":"(anonymous_3)","decl":{"start":{"line":24,"column":38},"end":{"line":24,"column":39}},"loc":{"start":{"line":24,"column":45},"end":{"line":24,"column":63}}},"3":{"name":"(anonymous_4)","decl":{"start":{"line":43,"column":31},"end":{"line":43,"column":32}},"loc":{"start":{"line":43,"column":74},"end":{"line":45,"column":5}}},"4":{"name":"(anonymous_5)","decl":{"start":{"line":68,"column":38},"end":{"line":68,"column":39}},"loc":{"start":{"line":69,"column":20},"end":{"line":70,"column":null}}},"5":{"name":"(anonymous_6)","decl":{"start":{"line":76,"column":37},"end":{"line":76,"column":40}},"loc":{"start":{"line":76,"column":43},"end":{"line":76,"column":70}}}},"branchMap":{"0":{"loc":{"start":{"line":25,"column":8},"end":{"line":25,"column":29}},"type":"if","locations":[{"start":{"line":25,"column":8},"end":{"line":25,"column":29}}]}},"s":{"0":2,"1":2,"2":2,"3":2,"4":2,"5":2,"6":2,"7":2,"8":2,"9":2,"10":2,"11":2,"12":2,"13":7,"14":7,"15":7,"16":7,"17":7,"18":7,"19":1,"20":1,"21":1,"22":0,"23":1,"24":7,"25":7,"26":7,"27":0,"28":7,"29":11,"30":1,"31":2},"f":{"0":7,"1":1,"2":1,"3":0,"4":11,"5":1},"b":{"0":[0]}}
,"C:\\Users\\jj29_\\Desktop\\challenge-ntt\\src\\reducer\\appReducer.ts": {"path":"C:\\Users\\jj29_\\Desktop\\challenge-ntt\\src\\reducer\\appReducer.ts","statementMap":{"0":{"start":{"line":1,"column":0},"end":{"line":1,"column":46}},"1":{"start":{"line":5,"column":26},"end":{"line":20,"column":1}},"2":{"start":{"line":6,"column":4},"end":{"line":19,"column":5}},"3":{"start":{"line":8,"column":12},"end":{"line":11,"column":14}},"4":{"start":{"line":13,"column":12},"end":{"line":16,"column":14}},"5":{"start":{"line":18,"column":12},"end":{"line":18,"column":56}},"6":{"start":{"line":5,"column":13},"end":{"line":5,"column":26}}},"fnMap":{"0":{"name":"(anonymous_0)","decl":{"start":{"line":5,"column":26},"end":{"line":5,"column":27}},"loc":{"start":{"line":5,"column":91},"end":{"line":20,"column":1}}}},"branchMap":{"0":{"loc":{"start":{"line":6,"column":4},"end":{"line":19,"column":5}},"type":"switch","locations":[{"start":{"line":7,"column":8},"end":{"line":11,"column":14}},{"start":{"line":12,"column":8},"end":{"line":16,"column":14}},{"start":{"line":17,"column":8},"end":{"line":18,"column":56}}]}},"s":{"0":3,"1":3,"2":4,"3":2,"4":1,"5":1,"6":3},"f":{"0":4},"b":{"0":[2,1,1]}}
,"C:\\Users\\jj29_\\Desktop\\challenge-ntt\\src\\reducer\\cartReducer.ts": {"path":"C:\\Users\\jj29_\\Desktop\\challenge-ntt\\src\\reducer\\cartReducer.ts","statementMap":{"0":{"start":{"line":1,"column":0},"end":{"line":1,"column":75}},"1":{"start":{"line":3,"column":13},"end":{"line":5,"column":2}},"2":{"start":{"line":7,"column":27},"end":{"line":40,"column":1}},"3":{"start":{"line":8,"column":2},"end":{"line":39,"column":3}},"4":{"start":{"line":10,"column":30},"end":{"line":10,"column":99}},"5":{"start":{"line":10,"column":55},"end":{"line":10,"column":98}},"6":{"start":{"line":13,"column":6},"end":{"line":21,"column":7}},"7":{"start":{"line":14,"column":8},"end":{"line":18,"column":10}},"8":{"start":{"line":15,"column":10},"end":{"line":17,"column":18}},"9":{"start":{"line":20,"column":8},"end":{"line":20,"column":56}},"10":{"start":{"line":23,"column":6},"end":{"line":23,"column":47}},"11":{"start":{"line":26,"column":28},"end":{"line":26,"column":99}},"12":{"start":{"line":26,"column":55},"end":{"line":26,"column":98}},"13":{"start":{"line":27,"column":6},"end":{"line":27,"column":48}},"14":{"start":{"line":30,"column":39},"end":{"line":33,"column":null}},"15":{"start":{"line":31,"column":8},"end":{"line":33,"column":16}},"16":{"start":{"line":35,"column":6},"end":{"line":35,"column":59}},"17":{"start":{"line":38,"column":6},"end":{"line":38,"column":19}},"18":{"start":{"line":7,"column":13},"end":{"line":7,"column":27}}},"fnMap":{"0":{"name":"(anonymous_0)","decl":{"start":{"line":7,"column":27},"end":{"line":7,"column":28}},"loc":{"start":{"line":7,"column":79},"end":{"line":40,"column":1}}},"1":{"name":"(anonymous_1)","decl":{"start":{"line":10,"column":47},"end":{"line":10,"column":51}},"loc":{"start":{"line":10,"column":55},"end":{"line":10,"column":98}}},"2":{"name":"(anonymous_2)","decl":{"start":{"line":14,"column":39},"end":{"line":14,"column":43}},"loc":{"start":{"line":15,"column":10},"end":{"line":17,"column":18}}},"3":{"name":"(anonymous_3)","decl":{"start":{"line":26,"column":47},"end":{"line":26,"column":51}},"loc":{"start":{"line":26,"column":55},"end":{"line":26,"column":98}}},"4":{"name":"(anonymous_4)","decl":{"start":{"line":30,"column":55},"end":{"line":30,"column":59}},"loc":{"start":{"line":31,"column":8},"end":{"line":33,"column":16}}}},"branchMap":{"0":{"loc":{"start":{"line":8,"column":2},"end":{"line":39,"column":3}},"type":"switch","locations":[{"start":{"line":9,"column":4},"end":{"line":23,"column":47}},{"start":{"line":25,"column":4},"end":{"line":27,"column":48}},{"start":{"line":29,"column":4},"end":{"line":35,"column":59}},{"start":{"line":37,"column":4},"end":{"line":38,"column":19}}]},"1":{"loc":{"start":{"line":13,"column":6},"end":{"line":21,"column":7}},"type":"if","locations":[{"start":{"line":13,"column":6},"end":{"line":21,"column":7}},{"start":{"line":19,"column":13},"end":{"line":21,"column":7}}]},"2":{"loc":{"start":{"line":15,"column":10},"end":{"line":17,"column":18}},"type":"cond-expr","locations":[{"start":{"line":16,"column":14},"end":{"line":16,"column":76}},{"start":{"line":17,"column":14},"end":{"line":17,"column":18}}]},"3":{"loc":{"start":{"line":31,"column":8},"end":{"line":33,"column":16}},"type":"cond-expr","locations":[{"start":{"line":32,"column":12},"end":{"line":32,"column":58}},{"start":{"line":33,"column":12},"end":{"line":33,"column":16}}]}},"s":{"0":4,"1":4,"2":4,"3":4,"4":1,"5":0,"6":1,"7":0,"8":0,"9":1,"10":1,"11":1,"12":2,"13":1,"14":1,"15":2,"16":1,"17":1,"18":4},"f":{"0":4,"1":0,"2":0,"3":2,"4":2},"b":{"0":[1,1,1,1],"1":[0,1],"2":[0,0],"3":[1,1]}}
,"C:\\Users\\jj29_\\Desktop\\challenge-ntt\\src\\services\\api\\api.config.ts": {"path":"C:\\Users\\jj29_\\Desktop\\challenge-ntt\\src\\services\\api\\api.config.ts","statementMap":{"0":{"start":{"line":1,"column":13},"end":{"line":5,"column":2}}},"fnMap":{},"branchMap":{},"s":{"0":1},"f":{},"b":{}}
,"C:\\Users\\jj29_\\Desktop\\challenge-ntt\\src\\services\\api\\product.service.ts": {"path":"C:\\Users\\jj29_\\Desktop\\challenge-ntt\\src\\services\\api\\product.service.ts","statementMap":{"0":{"start":{"line":3,"column":0},"end":{"line":3,"column":7}},"1":{"start":{"line":17,"column":0},"end":{"line":17,"column":7}},"2":{"start":{"line":1,"column":0},"end":{"line":1,"column":45}},"3":{"start":{"line":4,"column":4},"end":{"line":14,"column":5}},"4":{"start":{"line":5,"column":25},"end":{"line":5,"column":60}},"5":{"start":{"line":6,"column":8},"end":{"line":8,"column":9}},"6":{"start":{"line":7,"column":12},"end":{"line":7,"column":68}},"7":{"start":{"line":9,"column":21},"end":{"line":9,"column":42}},"8":{"start":{"line":10,"column":8},"end":{"line":10,"column":29}},"9":{"start":{"line":13,"column":8},"end":{"line":13,"column":60}},"10":{"start":{"line":18,"column":4},"end":{"line":29,"column":5}},"11":{"start":{"line":19,"column":25},"end":{"line":19,"column":62}},"12":{"start":{"line":20,"column":8},"end":{"line":22,"column":9}},"13":{"start":{"line":21,"column":12},"end":{"line":21,"column":68}},"14":{"start":{"line":23,"column":21},"end":{"line":23,"column":42}},"15":{"start":{"line":24,"column":8},"end":{"line":24,"column":20}},"16":{"start":{"line":27,"column":8},"end":{"line":27,"column":65}}},"fnMap":{"0":{"name":"fetchProducts","decl":{"start":{"line":3,"column":22},"end":{"line":3,"column":35}},"loc":{"start":{"line":3,"column":35},"end":{"line":15,"column":1}}},"1":{"name":"fetchCategories","decl":{"start":{"line":17,"column":22},"end":{"line":17,"column":37}},"loc":{"start":{"line":17,"column":37},"end":{"line":30,"column":1}}}},"branchMap":{"0":{"loc":{"start":{"line":6,"column":8},"end":{"line":8,"column":9}},"type":"if","locations":[{"start":{"line":6,"column":8},"end":{"line":8,"column":9}}]},"1":{"loc":{"start":{"line":20,"column":8},"end":{"line":22,"column":9}},"type":"if","locations":[{"start":{"line":20,"column":8},"end":{"line":22,"column":9}}]}},"s":{"0":1,"1":1,"2":1,"3":1,"4":1,"5":1,"6":0,"7":1,"8":1,"9":0,"10":1,"11":1,"12":1,"13":0,"14":1,"15":1,"16":0},"f":{"0":1,"1":1},"b":{"0":[0],"1":[0]}}
,"C:\\Users\\jj29_\\Desktop\\challenge-ntt\\src\\services\\mappers\\product.mapper.ts": {"path":"C:\\Users\\jj29_\\Desktop\\challenge-ntt\\src\\services\\mappers\\product.mapper.ts","statementMap":{"0":{"start":{"line":4,"column":0},"end":{"line":4,"column":16}},"1":{"start":{"line":15,"column":0},"end":{"line":15,"column":16}},"2":{"start":{"line":5,"column":2},"end":{"line":12,"column":6}},"3":{"start":{"line":5,"column":36},"end":{"line":12,"column":4}},"4":{"start":{"line":16,"column":2},"end":{"line":16,"column":53}},"5":{"start":{"line":16,"column":38},"end":{"line":16,"column":51}}},"fnMap":{"0":{"name":"mapperProducts","decl":{"start":{"line":4,"column":16},"end":{"line":4,"column":30}},"loc":{"start":{"line":4,"column":58},"end":{"line":13,"column":1}}},"1":{"name":"(anonymous_1)","decl":{"start":{"line":5,"column":22},"end":{"line":5,"column":23}},"loc":{"start":{"line":5,"column":36},"end":{"line":12,"column":4}}},"2":{"name":"mapperCategories","decl":{"start":{"line":15,"column":16},"end":{"line":15,"column":32}},"loc":{"start":{"line":15,"column":63},"end":{"line":17,"column":1}}},"3":{"name":"(anonymous_3)","decl":{"start":{"line":16,"column":24},"end":{"line":16,"column":25}},"loc":{"start":{"line":16,"column":38},"end":{"line":16,"column":51}}}},"branchMap":{},"s":{"0":1,"1":1,"2":1,"3":1,"4":1,"5":1},"f":{"0":1,"1":1,"2":1,"3":1},"b":{}}
,"C:\\Users\\jj29_\\Desktop\\challenge-ntt\\src\\shared\\actions\\appActions.ts": {"path":"C:\\Users\\jj29_\\Desktop\\challenge-ntt\\src\\shared\\actions\\appActions.ts","statementMap":{"0":{"start":{"line":1,"column":0},"end":{"line":1,"column":89}},"1":{"start":{"line":2,"column":0},"end":{"line":2,"column":84}},"2":{"start":{"line":3,"column":0},"end":{"line":3,"column":64}},"3":{"start":{"line":5,"column":41},"end":{"line":19,"column":1}},"4":{"start":{"line":6,"column":4},"end":{"line":18,"column":5}},"5":{"start":{"line":7,"column":25},"end":{"line":7,"column":46}},"6":{"start":{"line":8,"column":27},"end":{"line":8,"column":50}},"7":{"start":{"line":10,"column":31},"end":{"line":10,"column":55}},"8":{"start":{"line":11,"column":33},"end":{"line":11,"column":61}},"9":{"start":{"line":13,"column":8},"end":{"line":13,"column":77}},"10":{"start":{"line":14,"column":8},"end":{"line":14,"column":81}},"11":{"start":{"line":17,"column":8},"end":{"line":17,"column":72}},"12":{"start":{"line":5,"column":13},"end":{"line":5,"column":41}}},"fnMap":{"0":{"name":"(anonymous_0)","decl":{"start":{"line":5,"column":41},"end":{"line":5,"column":46}},"loc":{"start":{"line":5,"column":73},"end":{"line":19,"column":1}}}},"branchMap":{},"s":{"0":1,"1":1,"2":1,"3":1,"4":2,"5":2,"6":1,"7":1,"8":1,"9":1,"10":1,"11":1,"12":1},"f":{"0":2},"b":{}}
,"C:\\Users\\jj29_\\Desktop\\challenge-ntt\\src\\shared\\enums\\routes.enum.ts": {"path":"C:\\Users\\jj29_\\Desktop\\challenge-ntt\\src\\shared\\enums\\routes.enum.ts","statementMap":{"0":{"start":{"line":1,"column":0},"end":{"line":1,"column":null}},"1":{"start":{"line":2,"column":2},"end":{"line":2,"column":null}},"2":{"start":{"line":3,"column":2},"end":{"line":3,"column":null}},"3":{"start":{"line":4,"column":2},"end":{"line":4,"column":null}},"4":{"start":{"line":5,"column":2},"end":{"line":5,"column":null}},"5":{"start":{"line":6,"column":2},"end":{"line":6,"column":null}}},"fnMap":{"0":{"name":"(anonymous_0)","decl":{"start":{"line":1,"column":0},"end":{"line":1,"column":12}},"loc":{"start":{"line":1,"column":22},"end":{"line":7,"column":1}}}},"branchMap":{"0":{"loc":{"start":{"line":1,"column":12},"end":{"line":1,"column":null}},"type":"binary-expr","locations":[{"start":{"line":1,"column":12},"end":{"line":1,"column":22}},{"start":{"line":1,"column":22},"end":{"line":1,"column":null}}]}},"s":{"0":3,"1":3,"2":3,"3":3,"4":3,"5":3},"f":{"0":3},"b":{"0":[3,3]}}
,"C:\\Users\\jj29_\\Desktop\\challenge-ntt\\src\\shared\\hooks\\useCartStorage.ts": {"path":"C:\\Users\\jj29_\\Desktop\\challenge-ntt\\src\\shared\\hooks\\useCartStorage.ts","statementMap":{"0":{"start":{"line":1,"column":0},"end":{"line":1,"column":44}},"1":{"start":{"line":4,"column":23},"end":{"line":15,"column":1}},"2":{"start":{"line":5,"column":36},"end":{"line":8,"column":4}},"3":{"start":{"line":6,"column":23},"end":{"line":6,"column":56}},"4":{"start":{"line":7,"column":4},"end":{"line":7,"column":62}},"5":{"start":{"line":10,"column":2},"end":{"line":12,"column":18}},"6":{"start":{"line":11,"column":4},"end":{"line":11,"column":65}},"7":{"start":{"line":14,"column":2},"end":{"line":14,"column":44}},"8":{"start":{"line":17,"column":0},"end":{"line":17,"column":30}}},"fnMap":{"0":{"name":"(anonymous_0)","decl":{"start":{"line":4,"column":23},"end":{"line":4,"column":24}},"loc":{"start":{"line":4,"column":56},"end":{"line":15,"column":1}}},"1":{"name":"(anonymous_1)","decl":{"start":{"line":5,"column":61},"end":{"line":5,"column":64}},"loc":{"start":{"line":5,"column":66},"end":{"line":8,"column":3}}},"2":{"name":"(anonymous_2)","decl":{"start":{"line":10,"column":12},"end":{"line":10,"column":15}},"loc":{"start":{"line":10,"column":17},"end":{"line":12,"column":3}}}},"branchMap":{"0":{"loc":{"start":{"line":7,"column":11},"end":{"line":7,"column":61}},"type":"cond-expr","locations":[{"start":{"line":7,"column":24},"end":{"line":7,"column":46}},{"start":{"line":7,"column":49},"end":{"line":7,"column":61}}]}},"s":{"0":4,"1":4,"2":10,"3":10,"4":10,"5":10,"6":10,"7":10,"8":4},"f":{"0":10,"1":10,"2":10},"b":{"0":[6,4]}}
,"C:\\Users\\jj29_\\Desktop\\challenge-ntt\\src\\shared\\hooks\\usePlace.ts": {"path":"C:\\Users\\jj29_\\Desktop\\challenge-ntt\\src\\shared\\hooks\\usePlace.ts","statementMap":{"0":{"start":{"line":1,"column":0},"end":{"line":1,"column":54}},"1":{"start":{"line":3,"column":21},"end":{"line":8,"column":1}},"2":{"start":{"line":5,"column":24},"end":{"line":5,"column":80}},"3":{"start":{"line":5,"column":66},"end":{"line":5,"column":79}},"4":{"start":{"line":7,"column":2},"end":{"line":7,"column":27}},"5":{"start":{"line":10,"column":0},"end":{"line":10,"column":28}}},"fnMap":{"0":{"name":"(anonymous_1)","decl":{"start":{"line":3,"column":21},"end":{"line":3,"column":24}},"loc":{"start":{"line":3,"column":26},"end":{"line":8,"column":1}}},"1":{"name":"(anonymous_2)","decl":{"start":{"line":5,"column":52},"end":{"line":5,"column":53}},"loc":{"start":{"line":5,"column":66},"end":{"line":5,"column":79}}}},"branchMap":{},"s":{"0":1,"1":1,"2":1,"3":3,"4":1,"5":1},"f":{"0":1,"1":3},"b":{}}
,"C:\\Users\\jj29_\\Desktop\\challenge-ntt\\src\\shared\\utils\\filterProducts.ts": {"path":"C:\\Users\\jj29_\\Desktop\\challenge-ntt\\src\\shared\\utils\\filterProducts.ts","statementMap":{"0":{"start":{"line":2,"column":0},"end":{"line":2,"column":39}},"1":{"start":{"line":4,"column":30},"end":{"line":12,"column":1}},"2":{"start":{"line":5,"column":2},"end":{"line":11,"column":5}},"3":{"start":{"line":6,"column":26},"end":{"line":6,"column":98}},"4":{"start":{"line":8,"column":6},"end":{"line":8,"column":118}},"5":{"start":{"line":10,"column":4},"end":{"line":10,"column":44}},"6":{"start":{"line":4,"column":13},"end":{"line":4,"column":30}}},"fnMap":{"0":{"name":"(anonymous_0)","decl":{"start":{"line":4,"column":30},"end":{"line":4,"column":31}},"loc":{"start":{"line":4,"column":127},"end":{"line":12,"column":1}}},"1":{"name":"(anonymous_1)","decl":{"start":{"line":5,"column":25},"end":{"line":5,"column":26}},"loc":{"start":{"line":5,"column":37},"end":{"line":11,"column":3}}}},"branchMap":{"0":{"loc":{"start":{"line":6,"column":26},"end":{"line":6,"column":98}},"type":"binary-expr","locations":[{"start":{"line":6,"column":26},"end":{"line":6,"column":89}},{"start":{"line":6,"column":93},"end":{"line":6,"column":98}}]},"1":{"loc":{"start":{"line":8,"column":6},"end":{"line":8,"column":118}},"type":"binary-expr","locations":[{"start":{"line":8,"column":6},"end":{"line":8,"column":48}},{"start":{"line":8,"column":52},"end":{"line":8,"column":118}}]},"2":{"loc":{"start":{"line":10,"column":11},"end":{"line":10,"column":43}},"type":"binary-expr","locations":[{"start":{"line":10,"column":11},"end":{"line":10,"column":24}},{"start":{"line":10,"column":28},"end":{"line":10,"column":43}}]}},"s":{"0":3,"1":3,"2":8,"3":14,"4":14,"5":14,"6":3},"f":{"0":8,"1":14},"b":{"0":[14,1],"1":[14,5],"2":[14,13]}}
,"C:\\Users\\jj29_\\Desktop\\challenge-ntt\\src\\shared\\utils\\formatPrice.ts": {"path":"C:\\Users\\jj29_\\Desktop\\challenge-ntt\\src\\shared\\utils\\formatPrice.ts","statementMap":{"0":{"start":{"line":1,"column":31},"end":{"line":4,"column":1}},"1":{"start":{"line":2,"column":23},"end":{"line":2,"column":40}},"2":{"start":{"line":3,"column":2},"end":{"line":3,"column":28}},"3":{"start":{"line":1,"column":13},"end":{"line":1,"column":31}}},"fnMap":{"0":{"name":"(anonymous_0)","decl":{"start":{"line":1,"column":31},"end":{"line":1,"column":32}},"loc":{"start":{"line":1,"column":57},"end":{"line":4,"column":1}}}},"branchMap":{},"s":{"0":3,"1":15,"2":15,"3":3},"f":{"0":15},"b":{}}
,"C:\\Users\\jj29_\\Desktop\\challenge-ntt\\src\\shared\\utils\\textContants.ts": {"path":"C:\\Users\\jj29_\\Desktop\\challenge-ntt\\src\\shared\\utils\\textContants.ts","statementMap":{"0":{"start":{"line":2,"column":13},"end":{"line":5,"column":2}}},"fnMap":{},"branchMap":{},"s":{"0":3},"f":{},"b":{}}
,"C:\\Users\\jj29_\\Desktop\\challenge-ntt\\src\\types\\app-types.ts": {"path":"C:\\Users\\jj29_\\Desktop\\challenge-ntt\\src\\types\\app-types.ts","statementMap":{"0":{"start":{"line":5,"column":0},"end":{"line":5,"column":null}},"1":{"start":{"line":6,"column":2},"end":{"line":6,"column":null}},"2":{"start":{"line":7,"column":2},"end":{"line":7,"column":null}}},"fnMap":{"0":{"name":"(anonymous_0)","decl":{"start":{"line":5,"column":0},"end":{"line":5,"column":12}},"loc":{"start":{"line":5,"column":22},"end":{"line":8,"column":1}}}},"branchMap":{"0":{"loc":{"start":{"line":5,"column":12},"end":{"line":5,"column":null}},"type":"binary-expr","locations":[{"start":{"line":5,"column":12},"end":{"line":5,"column":22}},{"start":{"line":5,"column":22},"end":{"line":5,"column":null}}]}},"s":{"0":4,"1":4,"2":4},"f":{"0":4},"b":{"0":[4,4]}}
}
