TN:
SF:src\component\button\Button.tsx
FN:11,(anonymous_0)
FNF:1
FNH:1
FNDA:15,(anonymous_0)
DA:2,1
DA:11,1
DA:12,15
DA:18,1
LF:4
LH:4
BRDA:14,0,0,15
BRDA:14,0,1,15
BRF:2
BRH:2
end_of_record
TN:
SF:src\component\card\Card.tsx
FN:18,(anonymous_1)
FNF:1
FNH:1
FNDA:15,(anonymous_1)
DA:2,1
DA:3,1
DA:4,1
DA:5,1
DA:6,1
DA:18,1
DA:19,15
DA:37,1
LF:8
LH:8
BRF:0
BRH:0
end_of_record
TN:
SF:src\component\common\DetailsProduct.tsx
FN:12,(anonymous_0)
FNF:1
FNH:1
FNDA:15,(anonymous_0)
DA:2,1
DA:12,1
DA:13,15
DA:23,1
LF:4
LH:4
BRDA:15,0,0,15
BRDA:15,0,1,15
BRDA:18,1,0,15
BRDA:18,1,1,15
BRF:4
BRH:4
end_of_record
TN:
SF:src\component\common\ImageProduct.tsx
FN:10,(anonymous_0)
FNF:1
FNH:1
FNDA:15,(anonymous_0)
DA:2,1
DA:10,1
DA:11,15
DA:17,1
LF:4
LH:4
BRF:0
BRH:0
end_of_record
TN:
SF:src\component\input\InputComponent.tsx
FN:12,(anonymous_0)
FNF:1
FNH:1
FNDA:8,(anonymous_0)
DA:2,2
DA:12,2
DA:13,8
DA:27,2
LF:4
LH:4
BRDA:22,0,0,8
BRDA:22,0,1,7
BRF:2
BRH:2
end_of_record
TN:
SF:src\component\productList\ProductList.tsx
FN:12,(anonymous_1)
FN:15,(anonymous_2)
FN:23,(anonymous_3)
FNF:3
FNH:2
FNDA:6,(anonymous_1)
FNDA:15,(anonymous_2)
FNDA:0,(anonymous_3)
DA:3,1
DA:4,1
DA:5,1
DA:12,1
DA:13,6
DA:16,15
DA:23,0
DA:31,1
LF:8
LH:7
BRF:0
BRH:0
end_of_record
TN:
SF:src\component\select\Select.tsx
FN:13,(anonymous_0)
FN:14,(anonymous_1)
FN:21,(anonymous_2)
FNF:3
FNH:3
FNDA:11,(anonymous_0)
FNDA:2,(anonymous_1)
FNDA:33,(anonymous_2)
DA:2,2
DA:13,2
DA:14,11
DA:15,2
DA:18,11
DA:22,33
DA:30,2
LF:7
LH:7
BRDA:19,0,0,11
BRDA:19,0,1,1
BRDA:20,1,0,11
BRDA:20,1,1,2
BRF:4
BRH:4
end_of_record
TN:
SF:src\domain\cart.domain.ts
FN:9,(anonymous_0)
FNF:1
FNH:1
FNDA:1,(anonymous_0)
DA:9,1
DA:10,1
DA:11,1
DA:12,1
LF:4
LH:4
BRDA:9,0,0,1
BRDA:9,0,1,1
BRF:2
BRH:2
end_of_record
TN:
SF:src\pages\products\Products.tsx
FN:12,(anonymous_1)
FN:19,(anonymous_2)
FN:20,(anonymous_3)
FN:36,(anonymous_4)
FN:52,(anonymous_5)
FNF:5
FNH:3
FNDA:6,(anonymous_1)
FNDA:0,(anonymous_2)
FNDA:0,(anonymous_3)
FNDA:18,(anonymous_4)
FNDA:1,(anonymous_5)
DA:1,1
DA:2,1
DA:3,1
DA:4,1
DA:5,1
DA:6,1
DA:7,1
DA:8,1
DA:9,1
DA:10,1
DA:12,1
DA:13,6
DA:14,6
DA:16,6
DA:17,6
DA:19,6
DA:20,0
DA:22,0
DA:23,0
DA:36,6
DA:37,18
DA:39,18
DA:42,18
DA:45,6
DA:47,6
DA:52,1
DA:73,1
LF:27
LH:24
BRDA:22,0,0,0
BRDA:39,1,0,18
BRDA:39,1,1,3
BRDA:42,2,0,18
BRDA:42,2,1,16
BRF:5
BRH:4
end_of_record
TN:
SF:src\services\api\api.config.ts
FNF:0
FNH:0
DA:1,1
LF:1
LH:1
BRF:0
BRH:0
end_of_record
TN:
SF:src\services\api\product.service.ts
FN:3,fetchProducts
FN:17,fetchCategories
FNF:2
FNH:2
FNDA:1,fetchProducts
FNDA:1,fetchCategories
DA:1,1
DA:3,1
DA:4,1
DA:5,1
DA:6,1
DA:7,0
DA:9,1
DA:10,1
DA:12,0
DA:17,1
DA:18,1
DA:19,1
DA:20,1
DA:21,0
DA:23,1
DA:24,1
DA:26,0
LF:17
LH:13
BRDA:6,0,0,0
BRDA:20,1,0,0
BRF:2
BRH:0
end_of_record
TN:
SF:src\services\mappers\product.mapper.ts
FN:4,mapperProducts
FN:5,(anonymous_1)
FN:15,mapperCategories
FN:16,(anonymous_3)
FNF:4
FNH:4
FNDA:1,mapperProducts
FNDA:1,(anonymous_1)
FNDA:1,mapperCategories
FNDA:1,(anonymous_3)
DA:4,1
DA:5,1
DA:15,1
DA:16,1
LF:4
LH:4
BRF:0
BRH:0
end_of_record
TN:
SF:src\shared\utils\formatPrice.ts
FN:1,(anonymous_0)
FNF:1
FNH:1
FNDA:15,(anonymous_0)
DA:1,1
DA:2,15
LF:2
LH:2
BRF:0
BRH:0
end_of_record
TN:
SF:src\shared\utils\textContants.ts
FNF:0
FNH:0
DA:1,1
LF:1
LH:1
BRF:0
BRH:0
end_of_record
