TN:
SF:src\component\cartIcon\CartIcon.tsx
FN:9,(anonymous_0)
FN:11,(anonymous_1)
FNF:2
FNH:1
FNDA:13,(anonymous_0)
FNDA:0,(anonymous_1)
DA:1,1
DA:2,1
DA:3,1
DA:4,1
DA:5,1
DA:9,1
DA:10,13
DA:11,0
DA:13,0
DA:25,1
LF:10
LH:8
BRDA:18,0,0,0
BRDA:18,0,1,0
BRF:2
BRH:0
end_of_record
TN:
SF:src\component\footer\Footer.tsx
FN:4,(anonymous_0)
FNF:1
FNH:1
FNDA:6,(anonymous_0)
DA:1,1
DA:2,1
DA:4,1
DA:5,6
DA:21,1
LF:5
LH:5
BRF:0
BRH:0
end_of_record
TN:
SF:src\component\input\InputComponent.tsx
FN:12,(anonymous_0)
FNF:1
FNH:1
FNDA:2,(anonymous_0)
DA:2,1
DA:12,1
DA:13,2
DA:27,1
LF:4
LH:4
BRDA:22,0,0,2
BRDA:22,0,1,1
BRF:2
BRH:2
end_of_record
TN:
SF:src\component\mainLayout\MainLayout.tsx
FN:7,(anonymous_1)
FNF:1
FNH:1
FNDA:7,(anonymous_1)
DA:1,1
DA:2,1
DA:3,1
DA:4,1
DA:7,1
DA:8,7
DA:25,1
LF:7
LH:7
BRF:0
BRH:0
end_of_record
TN:
SF:src\component\navbar\Nav.tsx
FN:5,(anonymous_1)
FNF:1
FNH:1
FNDA:7,(anonymous_1)
DA:1,1
DA:2,1
DA:3,1
DA:5,1
DA:7,7
DA:27,1
LF:6
LH:6
BRF:0
BRH:0
end_of_record
TN:
SF:src\component\select\Select.tsx
FN:13,(anonymous_0)
FN:14,(anonymous_1)
FN:21,(anonymous_2)
FNF:3
FNH:3
FNDA:5,(anonymous_0)
FNDA:1,(anonymous_1)
FNDA:15,(anonymous_2)
DA:2,1
DA:13,1
DA:14,5
DA:15,1
DA:18,5
DA:22,15
DA:30,1
LF:7
LH:7
BRDA:19,0,0,5
BRDA:19,0,1,1
BRDA:20,1,0,5
BRDA:20,1,1,2
BRF:4
BRH:4
end_of_record
TN:
SF:src\context\AppContext.tsx
FN:9,(anonymous_0)
FN:22,(anonymous_1)
FN:31,(anonymous_2)
FNF:3
FNH:2
FNDA:1,(anonymous_0)
FNDA:6,(anonymous_1)
FNDA:0,(anonymous_2)
DA:1,1
DA:2,1
DA:4,1
DA:6,1
DA:7,1
DA:9,1
DA:11,1
DA:13,1
DA:22,1
DA:23,6
DA:25,5
DA:26,1
DA:28,4
DA:31,1
DA:32,0
DA:34,0
DA:35,0
DA:37,0
DA:40,1
LF:19
LH:15
BRDA:25,0,0,1
BRDA:34,1,0,0
BRF:2
BRH:1
end_of_record
TN:
SF:src\context\CartContext.tsx
FN:10,(anonymous_1)
FN:17,(anonymous_2)
FN:23,(anonymous_3)
FNF:3
FNH:1
FNDA:13,(anonymous_1)
FNDA:0,(anonymous_2)
FNDA:0,(anonymous_3)
DA:1,1
DA:2,1
DA:3,1
DA:6,1
DA:7,1
DA:10,1
DA:11,13
DA:12,12
DA:13,0
DA:17,1
DA:18,0
DA:19,0
DA:20,0
DA:23,1
DA:24,0
DA:25,0
DA:27,0
LF:17
LH:10
BRDA:12,0,0,12
BRDA:19,1,0,0
BRF:2
BRH:1
end_of_record
TN:
SF:src\domain\appState.domain.ts
FNF:0
FNH:0
DA:15,1
LF:1
LH:1
BRF:0
BRH:0
end_of_record
TN:
SF:src\domain\cart.domain.ts
FN:10,(anonymous_0)
FNF:1
FNH:1
FNDA:1,(anonymous_0)
DA:10,1
DA:11,1
DA:12,1
DA:13,1
LF:4
LH:4
BRDA:10,0,0,1
BRDA:10,0,1,1
BRF:2
BRH:2
end_of_record
TN:
SF:src\reducer\appReducer.ts
FN:5,(anonymous_0)
FNF:1
FNH:1
FNDA:3,(anonymous_0)
DA:1,2
DA:5,2
DA:6,3
DA:8,1
DA:13,1
DA:18,1
LF:6
LH:6
BRDA:6,0,0,1
BRDA:6,0,1,1
BRDA:6,0,2,1
BRF:3
BRH:3
end_of_record
TN:
SF:src\reducer\cartReducer.ts
FN:7,(anonymous_0)
FN:17,(anonymous_1)
FN:22,(anonymous_2)
FNF:3
FNH:0
FNDA:0,(anonymous_0)
FNDA:0,(anonymous_1)
FNDA:0,(anonymous_2)
DA:1,1
DA:3,1
DA:7,1
DA:8,0
DA:10,0
DA:15,0
DA:17,0
DA:20,0
DA:23,0
DA:29,0
LF:10
LH:3
BRDA:8,0,0,0
BRDA:8,0,1,0
BRDA:8,0,2,0
BRDA:8,0,3,0
BRDA:23,1,0,0
BRDA:23,1,1,0
BRF:6
BRH:0
end_of_record
TN:
SF:src\services\api\api.config.ts
FNF:0
FNH:0
DA:1,1
LF:1
LH:1
BRF:0
BRH:0
end_of_record
TN:
SF:src\services\api\product.service.ts
FN:3,fetchProducts
FN:17,fetchCategories
FNF:2
FNH:0
FNDA:0,fetchProducts
FNDA:0,fetchCategories
DA:1,1
DA:3,1
DA:4,0
DA:5,0
DA:6,0
DA:7,0
DA:9,0
DA:10,0
DA:12,0
DA:17,1
DA:18,0
DA:19,0
DA:20,0
DA:21,0
DA:23,0
DA:24,0
DA:26,0
LF:17
LH:3
BRDA:6,0,0,0
BRDA:20,1,0,0
BRF:2
BRH:0
end_of_record
TN:
SF:src\services\mappers\districtMapper.ts
FN:3,mapDistrictsNames
FN:4,(anonymous_1)
FNF:2
FNH:2
FNDA:1,mapDistrictsNames
FNDA:2,(anonymous_1)
DA:3,1
DA:4,2
LF:2
LH:2
BRF:0
BRH:0
end_of_record
TN:
SF:src\services\mappers\product.mapper.ts
FN:4,mapperProducts
FN:5,(anonymous_1)
FN:15,mapperCategories
FN:16,(anonymous_3)
FNF:4
FNH:4
FNDA:1,mapperProducts
FNDA:1,(anonymous_1)
FNDA:1,mapperCategories
FNDA:1,(anonymous_3)
DA:4,1
DA:5,1
DA:15,1
DA:16,1
LF:4
LH:4
BRF:0
BRH:0
end_of_record
TN:
SF:src\shared\actions\appActions.ts
FN:6,(anonymous_0)
FNF:1
FNH:1
FNDA:2,(anonymous_0)
DA:1,1
DA:2,1
DA:3,1
DA:6,1
DA:7,2
DA:8,2
DA:9,1
DA:11,1
DA:12,1
DA:14,1
DA:15,1
DA:18,1
LF:12
LH:12
BRF:0
BRH:0
end_of_record
TN:
SF:src\shared\hooks\useCartStorage.ts
FN:5,(anonymous_0)
FN:8,(anonymous_1)
FN:15,(anonymous_2)
FNF:3
FNH:0
FNDA:0,(anonymous_0)
FNDA:0,(anonymous_1)
FNDA:0,(anonymous_2)
DA:1,1
DA:5,1
DA:6,0
DA:8,0
DA:9,0
DA:10,0
DA:11,0
DA:15,0
DA:16,0
DA:19,0
DA:22,1
LF:11
LH:3
BRDA:10,0,0,0
BRF:1
BRH:0
end_of_record
TN:
SF:src\shared\hooks\usePlace.ts
FN:5,usePlaces
FN:9,(anonymous_1)
FN:10,(anonymous_2)
FNF:3
FNH:3
FNDA:4,usePlaces
FNDA:2,(anonymous_1)
FNDA:2,(anonymous_2)
DA:1,1
DA:3,1
DA:5,1
DA:6,4
DA:7,4
DA:9,4
DA:10,2
DA:11,2
DA:12,2
DA:13,2
DA:14,1
DA:16,1
DA:17,1
DA:20,1
DA:22,1
DA:26,2
DA:29,4
LF:17
LH:17
BRDA:13,0,0,1
BRF:1
BRH:1
end_of_record
TN:
SF:src\shared\utils\routes.enum.ts
FN:1,(anonymous_0)
FNF:1
FNH:1
FNDA:1,(anonymous_0)
DA:1,1
DA:2,1
DA:3,1
DA:4,1
LF:4
LH:4
BRDA:1,0,0,1
BRDA:1,0,1,1
BRF:2
BRH:2
end_of_record
TN:
SF:src\types\app-types.ts
FN:6,(anonymous_0)
FNF:1
FNH:1
FNDA:3,(anonymous_0)
DA:6,3
DA:7,3
DA:8,3
LF:3
LH:3
BRDA:6,0,0,3
BRDA:6,0,1,3
BRF:2
BRH:2
end_of_record
